{"C:\\Users\\Victor\\Documents\\Phase 2\\Week 1\\Day 1\\fsjs-p2-v1-c1-server-revichrist\\app.js": {"path":"C:\\Users\\Victor\\Documents\\Phase 2\\Week 1\\Day 1\\fsjs-p2-v1-c1-server-revichrist\\app.js","statementMap":{"0":{"start":{"line":1,"column":0},"end":{"line":1,"column":27}},"1":{"start":{"line":2,"column":16},"end":{"line":2,"column":34}},"2":{"start":{"line":3,"column":13},"end":{"line":3,"column":37}},"3":{"start":{"line":4,"column":12},"end":{"line":4,"column":21}},"4":{"start":{"line":6,"column":15},"end":{"line":6,"column":35}},"5":{"start":{"line":7,"column":25},"end":{"line":7,"column":49}},"6":{"start":{"line":8,"column":13},"end":{"line":8,"column":28}},"7":{"start":{"line":10,"column":0},"end":{"line":10,"column":16}},"8":{"start":{"line":11,"column":0},"end":{"line":11,"column":48}},"9":{"start":{"line":12,"column":0},"end":{"line":12,"column":24}},"10":{"start":{"line":14,"column":0},"end":{"line":14,"column":16}},"11":{"start":{"line":15,"column":0},"end":{"line":15,"column":22}},"12":{"start":{"line":21,"column":0},"end":{"line":21,"column":20}}},"fnMap":{},"branchMap":{"0":{"loc":{"start":{"line":3,"column":13},"end":{"line":3,"column":37}},"type":"binary-expr","locations":[{"start":{"line":3,"column":13},"end":{"line":3,"column":29}},{"start":{"line":3,"column":33},"end":{"line":3,"column":37}}],"line":3}},"s":{"0":4,"1":4,"2":4,"3":4,"4":4,"5":4,"6":4,"7":4,"8":4,"9":4,"10":4,"11":4,"12":4},"f":{},"b":{"0":[4,0]},"_coverageSchema":"1a1c01bbd47fc00a2c39e90264f33305004495a9","hash":"4cb691714b43a640b51df62a518476b8bf17934c"}
,"C:\\Users\\Victor\\Documents\\Phase 2\\Week 1\\Day 1\\fsjs-p2-v1-c1-server-revichrist\\controllers\\genreController.js": {"path":"C:\\Users\\Victor\\Documents\\Phase 2\\Week 1\\Day 1\\fsjs-p2-v1-c1-server-revichrist\\controllers\\genreController.js","statementMap":{"0":{"start":{"line":1,"column":18},"end":{"line":1,"column":38}},"1":{"start":{"line":5,"column":4},"end":{"line":18,"column":5}},"2":{"start":{"line":6,"column":19},"end":{"line":10,"column":8}},"3":{"start":{"line":12,"column":6},"end":{"line":15,"column":9}},"4":{"start":{"line":17,"column":6},"end":{"line":17,"column":18}},"5":{"start":{"line":22,"column":0},"end":{"line":22,"column":32}}},"fnMap":{"0":{"name":"(anonymous_0)","decl":{"start":{"line":4,"column":2},"end":{"line":4,"column":3}},"loc":{"start":{"line":4,"column":50},"end":{"line":19,"column":3}},"line":4}},"branchMap":{},"s":{"0":4,"1":0,"2":0,"3":0,"4":0,"5":4},"f":{"0":0},"b":{},"_coverageSchema":"1a1c01bbd47fc00a2c39e90264f33305004495a9","hash":"b2bd3baacdef16cfd19a3447dc84a74fcdab1d42"}
,"C:\\Users\\Victor\\Documents\\Phase 2\\Week 1\\Day 1\\fsjs-p2-v1-c1-server-revichrist\\controllers\\historyController.js": {"path":"C:\\Users\\Victor\\Documents\\Phase 2\\Week 1\\Day 1\\fsjs-p2-v1-c1-server-revichrist\\controllers\\historyController.js","statementMap":{"0":{"start":{"line":1,"column":20},"end":{"line":1,"column":40}},"1":{"start":{"line":5,"column":4},"end":{"line":18,"column":5}},"2":{"start":{"line":6,"column":19},"end":{"line":10,"column":8}},"3":{"start":{"line":12,"column":6},"end":{"line":15,"column":9}},"4":{"start":{"line":17,"column":6},"end":{"line":17,"column":18}},"5":{"start":{"line":22,"column":0},"end":{"line":22,"column":35}}},"fnMap":{"0":{"name":"(anonymous_0)","decl":{"start":{"line":4,"column":2},"end":{"line":4,"column":3}},"loc":{"start":{"line":4,"column":52},"end":{"line":19,"column":3}},"line":4}},"branchMap":{},"s":{"0":4,"1":0,"2":0,"3":0,"4":0,"5":4},"f":{"0":0},"b":{},"_coverageSchema":"1a1c01bbd47fc00a2c39e90264f33305004495a9","hash":"b852d8b45f0903a91ed1142d3ba2a19ca99b9b43"}
,"C:\\Users\\Victor\\Documents\\Phase 2\\Week 1\\Day 1\\fsjs-p2-v1-c1-server-revichrist\\controllers\\index.js": {"path":"C:\\Users\\Victor\\Documents\\Phase 2\\Week 1\\Day 1\\fsjs-p2-v1-c1-server-revichrist\\controllers\\index.js","statementMap":{"0":{"start":{"line":1,"column":23},"end":{"line":1,"column":50}},"1":{"start":{"line":2,"column":24},"end":{"line":2,"column":52}},"2":{"start":{"line":3,"column":24},"end":{"line":3,"column":52}},"3":{"start":{"line":4,"column":26},"end":{"line":4,"column":56}},"4":{"start":{"line":6,"column":0},"end":{"line":11,"column":2}}},"fnMap":{},"branchMap":{},"s":{"0":4,"1":4,"2":4,"3":4,"4":4},"f":{},"b":{},"_coverageSchema":"1a1c01bbd47fc00a2c39e90264f33305004495a9","hash":"15eb62b5b7e3e9ecb62710360ab4362062c1ef8b"}
,"C:\\Users\\Victor\\Documents\\Phase 2\\Week 1\\Day 1\\fsjs-p2-v1-c1-server-revichrist\\controllers\\movieController.js": {"path":"C:\\Users\\Victor\\Documents\\Phase 2\\Week 1\\Day 1\\fsjs-p2-v1-c1-server-revichrist\\controllers\\movieController.js","statementMap":{"0":{"start":{"line":1,"column":40},"end":{"line":1,"column":60}},"1":{"start":{"line":5,"column":4},"end":{"line":32,"column":5}},"2":{"start":{"line":7,"column":8},"end":{"line":7,"column":20}},"3":{"start":{"line":8,"column":48},"end":{"line":8,"column":60}},"4":{"start":{"line":10,"column":30},"end":{"line":18,"column":8}},"5":{"start":{"line":20,"column":6},"end":{"line":24,"column":9}},"6":{"start":{"line":26,"column":6},"end":{"line":29,"column":9}},"7":{"start":{"line":31,"column":6},"end":{"line":31,"column":18}},"8":{"start":{"line":36,"column":4},"end":{"line":57,"column":5}},"9":{"start":{"line":37,"column":19},"end":{"line":49,"column":8}},"10":{"start":{"line":51,"column":6},"end":{"line":54,"column":9}},"11":{"start":{"line":56,"column":6},"end":{"line":56,"column":18}},"12":{"start":{"line":61,"column":4},"end":{"line":79,"column":5}},"13":{"start":{"line":62,"column":21},"end":{"line":62,"column":35}},"14":{"start":{"line":63,"column":19},"end":{"line":67,"column":8}},"15":{"start":{"line":69,"column":6},"end":{"line":76,"column":7}},"16":{"start":{"line":70,"column":8},"end":{"line":70,"column":39}},"17":{"start":{"line":72,"column":8},"end":{"line":75,"column":11}},"18":{"start":{"line":78,"column":6},"end":{"line":78,"column":18}},"19":{"start":{"line":83,"column":4},"end":{"line":115,"column":5}},"20":{"start":{"line":84,"column":21},"end":{"line":84,"column":35}},"21":{"start":{"line":85,"column":34},"end":{"line":85,"column":46}},"22":{"start":{"line":87,"column":19},"end":{"line":91,"column":8}},"23":{"start":{"line":93,"column":6},"end":{"line":112,"column":7}},"24":{"start":{"line":94,"column":8},"end":{"line":94,"column":39}},"25":{"start":{"line":96,"column":8},"end":{"line":100,"column":11}},"26":{"start":{"line":102,"column":8},"end":{"line":106,"column":11}},"27":{"start":{"line":108,"column":8},"end":{"line":111,"column":11}},"28":{"start":{"line":114,"column":6},"end":{"line":114,"column":18}},"29":{"start":{"line":119,"column":4},"end":{"line":164,"column":5}},"30":{"start":{"line":120,"column":21},"end":{"line":120,"column":35}},"31":{"start":{"line":121,"column":34},"end":{"line":121,"column":46}},"32":{"start":{"line":124,"column":8},"end":{"line":124,"column":20}},"33":{"start":{"line":126,"column":19},"end":{"line":130,"column":8}},"34":{"start":{"line":132,"column":6},"end":{"line":150,"column":7}},"35":{"start":{"line":133,"column":8},"end":{"line":133,"column":39}},"36":{"start":{"line":135,"column":8},"end":{"line":149,"column":10}},"37":{"start":{"line":152,"column":6},"end":{"line":156,"column":9}},"38":{"start":{"line":158,"column":6},"end":{"line":161,"column":9}},"39":{"start":{"line":163,"column":6},"end":{"line":163,"column":18}},"40":{"start":{"line":168,"column":4},"end":{"line":206,"column":5}},"41":{"start":{"line":169,"column":21},"end":{"line":169,"column":35}},"42":{"start":{"line":170,"column":25},"end":{"line":170,"column":37}},"43":{"start":{"line":171,"column":34},"end":{"line":171,"column":46}},"44":{"start":{"line":173,"column":19},"end":{"line":177,"column":8}},"45":{"start":{"line":179,"column":6},"end":{"line":192,"column":7}},"46":{"start":{"line":180,"column":8},"end":{"line":180,"column":39}},"47":{"start":{"line":182,"column":8},"end":{"line":191,"column":10}},"48":{"start":{"line":194,"column":6},"end":{"line":198,"column":9}},"49":{"start":{"line":200,"column":6},"end":{"line":203,"column":9}},"50":{"start":{"line":205,"column":6},"end":{"line":205,"column":18}},"51":{"start":{"line":210,"column":0},"end":{"line":210,"column":33}}},"fnMap":{"0":{"name":"(anonymous_0)","decl":{"start":{"line":4,"column":2},"end":{"line":4,"column":3}},"loc":{"start":{"line":4,"column":50},"end":{"line":33,"column":3}},"line":4},"1":{"name":"(anonymous_1)","decl":{"start":{"line":35,"column":2},"end":{"line":35,"column":3}},"loc":{"start":{"line":35,"column":50},"end":{"line":58,"column":3}},"line":35},"2":{"name":"(anonymous_2)","decl":{"start":{"line":60,"column":2},"end":{"line":60,"column":3}},"loc":{"start":{"line":60,"column":52},"end":{"line":80,"column":3}},"line":60},"3":{"name":"(anonymous_3)","decl":{"start":{"line":82,"column":2},"end":{"line":82,"column":3}},"loc":{"start":{"line":82,"column":52},"end":{"line":116,"column":3}},"line":82},"4":{"name":"(anonymous_4)","decl":{"start":{"line":118,"column":2},"end":{"line":118,"column":3}},"loc":{"start":{"line":118,"column":54},"end":{"line":165,"column":3}},"line":118},"5":{"name":"(anonymous_5)","decl":{"start":{"line":167,"column":2},"end":{"line":167,"column":3}},"loc":{"start":{"line":167,"column":51},"end":{"line":207,"column":3}},"line":167}},"branchMap":{"0":{"loc":{"start":{"line":23,"column":22},"end":{"line":23,"column":39}},"type":"binary-expr","locations":[{"start":{"line":23,"column":22},"end":{"line":23,"column":30}},{"start":{"line":23,"column":34},"end":{"line":23,"column":39}}],"line":23},"1":{"loc":{"start":{"line":69,"column":6},"end":{"line":76,"column":7}},"type":"if","locations":[{"start":{"line":69,"column":6},"end":{"line":76,"column":7}},{"start":{"line":71,"column":13},"end":{"line":76,"column":7}}],"line":69},"2":{"loc":{"start":{"line":93,"column":6},"end":{"line":112,"column":7}},"type":"if","locations":[{"start":{"line":93,"column":6},"end":{"line":112,"column":7}},{"start":{"line":95,"column":13},"end":{"line":112,"column":7}}],"line":93},"3":{"loc":{"start":{"line":105,"column":24},"end":{"line":105,"column":41}},"type":"binary-expr","locations":[{"start":{"line":105,"column":24},"end":{"line":105,"column":32}},{"start":{"line":105,"column":36},"end":{"line":105,"column":41}}],"line":105},"4":{"loc":{"start":{"line":132,"column":6},"end":{"line":150,"column":7}},"type":"if","locations":[{"start":{"line":132,"column":6},"end":{"line":150,"column":7}},{"start":{"line":134,"column":13},"end":{"line":150,"column":7}}],"line":132},"5":{"loc":{"start":{"line":155,"column":22},"end":{"line":155,"column":39}},"type":"binary-expr","locations":[{"start":{"line":155,"column":22},"end":{"line":155,"column":30}},{"start":{"line":155,"column":34},"end":{"line":155,"column":39}}],"line":155},"6":{"loc":{"start":{"line":179,"column":6},"end":{"line":192,"column":7}},"type":"if","locations":[{"start":{"line":179,"column":6},"end":{"line":192,"column":7}},{"start":{"line":181,"column":13},"end":{"line":192,"column":7}}],"line":179},"7":{"loc":{"start":{"line":197,"column":22},"end":{"line":197,"column":39}},"type":"binary-expr","locations":[{"start":{"line":197,"column":22},"end":{"line":197,"column":30}},{"start":{"line":197,"column":34},"end":{"line":197,"column":39}}],"line":197}},"s":{"0":4,"1":0,"2":0,"3":0,"4":0,"5":0,"6":0,"7":0,"8":0,"9":0,"10":0,"11":0,"12":0,"13":0,"14":0,"15":0,"16":0,"17":0,"18":0,"19":0,"20":0,"21":0,"22":0,"23":0,"24":0,"25":0,"26":0,"27":0,"28":0,"29":0,"30":0,"31":0,"32":0,"33":0,"34":0,"35":0,"36":0,"37":0,"38":0,"39":0,"40":0,"41":0,"42":0,"43":0,"44":0,"45":0,"46":0,"47":0,"48":0,"49":0,"50":0,"51":4},"f":{"0":0,"1":0,"2":0,"3":0,"4":0,"5":0},"b":{"0":[0,0],"1":[0,0],"2":[0,0],"3":[0,0],"4":[0,0],"5":[0,0],"6":[0,0],"7":[0,0]},"_coverageSchema":"1a1c01bbd47fc00a2c39e90264f33305004495a9","hash":"2dc247ff243d5aceca4c88f814b3e26ee21c581e"}
,"C:\\Users\\Victor\\Documents\\Phase 2\\Week 1\\Day 1\\fsjs-p2-v1-c1-server-revichrist\\controllers\\userController.js": {"path":"C:\\Users\\Victor\\Documents\\Phase 2\\Week 1\\Day 1\\fsjs-p2-v1-c1-server-revichrist\\controllers\\userController.js","statementMap":{"0":{"start":{"line":1,"column":17},"end":{"line":1,"column":37}},"1":{"start":{"line":2,"column":43},"end":{"line":2,"column":64}},"2":{"start":{"line":3,"column":25},"end":{"line":3,"column":55}},"3":{"start":{"line":7,"column":64},"end":{"line":7,"column":76}},"4":{"start":{"line":8,"column":17},"end":{"line":8,"column":24}},"5":{"start":{"line":10,"column":4},"end":{"line":29,"column":5}},"6":{"start":{"line":11,"column":19},"end":{"line":18,"column":8}},"7":{"start":{"line":19,"column":6},"end":{"line":26,"column":9}},"8":{"start":{"line":28,"column":6},"end":{"line":28,"column":18}},"9":{"start":{"line":33,"column":4},"end":{"line":67,"column":5}},"10":{"start":{"line":34,"column":34},"end":{"line":34,"column":46}},"11":{"start":{"line":36,"column":6},"end":{"line":36,"column":46}},"12":{"start":{"line":36,"column":17},"end":{"line":36,"column":46}},"13":{"start":{"line":37,"column":6},"end":{"line":37,"column":52}},"14":{"start":{"line":37,"column":20},"end":{"line":37,"column":52}},"15":{"start":{"line":39,"column":19},"end":{"line":43,"column":8}},"16":{"start":{"line":45,"column":6},"end":{"line":45,"column":58}},"17":{"start":{"line":45,"column":17},"end":{"line":45,"column":58}},"18":{"start":{"line":47,"column":26},"end":{"line":47,"column":66}},"19":{"start":{"line":49,"column":6},"end":{"line":49,"column":65}},"20":{"start":{"line":49,"column":24},"end":{"line":49,"column":65}},"21":{"start":{"line":52,"column":27},"end":{"line":56,"column":8}},"22":{"start":{"line":58,"column":6},"end":{"line":64,"column":9}},"23":{"start":{"line":66,"column":6},"end":{"line":66,"column":18}},"24":{"start":{"line":71,"column":4},"end":{"line":114,"column":5}},"25":{"start":{"line":72,"column":21},"end":{"line":72,"column":67}},"26":{"start":{"line":73,"column":31},"end":{"line":73,"column":46}},"27":{"start":{"line":75,"column":6},"end":{"line":75,"column":60}},"28":{"start":{"line":75,"column":25},"end":{"line":75,"column":60}},"29":{"start":{"line":76,"column":6},"end":{"line":76,"column":35}},"30":{"start":{"line":77,"column":21},"end":{"line":80,"column":8}},"31":{"start":{"line":81,"column":22},"end":{"line":81,"column":41}},"32":{"start":{"line":83,"column":46},"end":{"line":83,"column":53}},"33":{"start":{"line":84,"column":23},"end":{"line":84,"column":40}},"34":{"start":{"line":85,"column":19},"end":{"line":85,"column":26}},"35":{"start":{"line":87,"column":30},"end":{"line":97,"column":8}},"36":{"start":{"line":99,"column":27},"end":{"line":103,"column":8}},"37":{"start":{"line":105,"column":6},"end":{"line":111,"column":9}},"38":{"start":{"line":113,"column":6},"end":{"line":113,"column":18}},"39":{"start":{"line":118,"column":0},"end":{"line":118,"column":32}}},"fnMap":{"0":{"name":"(anonymous_0)","decl":{"start":{"line":6,"column":2},"end":{"line":6,"column":3}},"loc":{"start":{"line":6,"column":49},"end":{"line":30,"column":3}},"line":6},"1":{"name":"(anonymous_1)","decl":{"start":{"line":32,"column":2},"end":{"line":32,"column":3}},"loc":{"start":{"line":32,"column":46},"end":{"line":68,"column":3}},"line":32},"2":{"name":"(anonymous_2)","decl":{"start":{"line":70,"column":2},"end":{"line":70,"column":3}},"loc":{"start":{"line":70,"column":52},"end":{"line":115,"column":3}},"line":70}},"branchMap":{"0":{"loc":{"start":{"line":36,"column":6},"end":{"line":36,"column":46}},"type":"if","locations":[{"start":{"line":36,"column":6},"end":{"line":36,"column":46}},{"start":{},"end":{}}],"line":36},"1":{"loc":{"start":{"line":37,"column":6},"end":{"line":37,"column":52}},"type":"if","locations":[{"start":{"line":37,"column":6},"end":{"line":37,"column":52}},{"start":{},"end":{}}],"line":37},"2":{"loc":{"start":{"line":45,"column":6},"end":{"line":45,"column":58}},"type":"if","locations":[{"start":{"line":45,"column":6},"end":{"line":45,"column":58}},{"start":{},"end":{}}],"line":45},"3":{"loc":{"start":{"line":49,"column":6},"end":{"line":49,"column":65}},"type":"if","locations":[{"start":{"line":49,"column":6},"end":{"line":49,"column":65}},{"start":{},"end":{}}],"line":49},"4":{"loc":{"start":{"line":75,"column":6},"end":{"line":75,"column":60}},"type":"if","locations":[{"start":{"line":75,"column":6},"end":{"line":75,"column":60}},{"start":{},"end":{}}],"line":75}},"s":{"0":4,"1":4,"2":4,"3":0,"4":0,"5":0,"6":0,"7":0,"8":0,"9":0,"10":0,"11":0,"12":0,"13":0,"14":0,"15":0,"16":0,"17":0,"18":0,"19":0,"20":0,"21":0,"22":0,"23":0,"24":0,"25":0,"26":0,"27":0,"28":0,"29":0,"30":0,"31":0,"32":0,"33":0,"34":0,"35":0,"36":0,"37":0,"38":0,"39":4},"f":{"0":0,"1":0,"2":0},"b":{"0":[0,0],"1":[0,0],"2":[0,0],"3":[0,0],"4":[0,0]},"_coverageSchema":"1a1c01bbd47fc00a2c39e90264f33305004495a9","hash":"45648dd1e4baf8d8df84048b6393bdf3b55efe41"}
,"C:\\Users\\Victor\\Documents\\Phase 2\\Week 1\\Day 1\\fsjs-p2-v1-c1-server-revichrist\\controllers\\Customer\\customerBookmarkController.js": {"path":"C:\\Users\\Victor\\Documents\\Phase 2\\Week 1\\Day 1\\fsjs-p2-v1-c1-server-revichrist\\controllers\\Customer\\customerBookmarkController.js","statementMap":{"0":{"start":{"line":1,"column":28},"end":{"line":1,"column":51}},"1":{"start":{"line":5,"column":4},"end":{"line":35,"column":5}},"2":{"start":{"line":6,"column":21},"end":{"line":6,"column":35}},"3":{"start":{"line":8,"column":25},"end":{"line":8,"column":49}},"4":{"start":{"line":10,"column":6},"end":{"line":10,"column":54}},"5":{"start":{"line":10,"column":23},"end":{"line":10,"column":54}},"6":{"start":{"line":12,"column":22},"end":{"line":12,"column":35}},"7":{"start":{"line":13,"column":33},"end":{"line":13,"column":45}},"8":{"start":{"line":15,"column":29},"end":{"line":20,"column":8}},"9":{"start":{"line":22,"column":6},"end":{"line":22,"column":58}},"10":{"start":{"line":22,"column":26},"end":{"line":22,"column":58}},"11":{"start":{"line":24,"column":6},"end":{"line":27,"column":9}},"12":{"start":{"line":29,"column":6},"end":{"line":32,"column":9}},"13":{"start":{"line":34,"column":6},"end":{"line":34,"column":18}},"14":{"start":{"line":39,"column":4},"end":{"line":58,"column":5}},"15":{"start":{"line":40,"column":33},"end":{"line":40,"column":45}},"16":{"start":{"line":42,"column":27},"end":{"line":50,"column":8}},"17":{"start":{"line":52,"column":6},"end":{"line":55,"column":9}},"18":{"start":{"line":57,"column":6},"end":{"line":57,"column":18}},"19":{"start":{"line":62,"column":4},"end":{"line":90,"column":5}},"20":{"start":{"line":63,"column":30},"end":{"line":63,"column":44}},"21":{"start":{"line":65,"column":28},"end":{"line":72,"column":8}},"22":{"start":{"line":74,"column":6},"end":{"line":74,"column":57}},"23":{"start":{"line":74,"column":26},"end":{"line":74,"column":57}},"24":{"start":{"line":75,"column":24},"end":{"line":75,"column":49}},"25":{"start":{"line":77,"column":6},"end":{"line":81,"column":8}},"26":{"start":{"line":83,"column":6},"end":{"line":86,"column":8}},"27":{"start":{"line":89,"column":6},"end":{"line":89,"column":18}},"28":{"start":{"line":94,"column":0},"end":{"line":94,"column":44}}},"fnMap":{"0":{"name":"(anonymous_0)","decl":{"start":{"line":4,"column":2},"end":{"line":4,"column":3}},"loc":{"start":{"line":4,"column":53},"end":{"line":36,"column":3}},"line":4},"1":{"name":"(anonymous_1)","decl":{"start":{"line":38,"column":2},"end":{"line":38,"column":3}},"loc":{"start":{"line":38,"column":54},"end":{"line":59,"column":3}},"line":38},"2":{"name":"(anonymous_2)","decl":{"start":{"line":61,"column":2},"end":{"line":61,"column":3}},"loc":{"start":{"line":61,"column":55},"end":{"line":91,"column":3}},"line":61}},"branchMap":{"0":{"loc":{"start":{"line":10,"column":6},"end":{"line":10,"column":54}},"type":"if","locations":[{"start":{"line":10,"column":6},"end":{"line":10,"column":54}},{"start":{},"end":{}}],"line":10},"1":{"loc":{"start":{"line":22,"column":6},"end":{"line":22,"column":58}},"type":"if","locations":[{"start":{"line":22,"column":6},"end":{"line":22,"column":58}},{"start":{},"end":{}}],"line":22},"2":{"loc":{"start":{"line":74,"column":6},"end":{"line":74,"column":57}},"type":"if","locations":[{"start":{"line":74,"column":6},"end":{"line":74,"column":57}},{"start":{},"end":{}}],"line":74}},"s":{"0":4,"1":0,"2":0,"3":0,"4":0,"5":0,"6":0,"7":0,"8":0,"9":0,"10":0,"11":0,"12":0,"13":0,"14":0,"15":0,"16":0,"17":0,"18":0,"19":0,"20":0,"21":0,"22":0,"23":0,"24":0,"25":0,"26":0,"27":0,"28":4},"f":{"0":0,"1":0,"2":0},"b":{"0":[0,0],"1":[0,0],"2":[0,0]},"_coverageSchema":"1a1c01bbd47fc00a2c39e90264f33305004495a9","hash":"76c5a774a8a02690c8333289a98a4decedc640c9"}
,"C:\\Users\\Victor\\Documents\\Phase 2\\Week 1\\Day 1\\fsjs-p2-v1-c1-server-revichrist\\controllers\\Customer\\customerController.js": {"path":"C:\\Users\\Victor\\Documents\\Phase 2\\Week 1\\Day 1\\fsjs-p2-v1-c1-server-revichrist\\controllers\\Customer\\customerController.js","statementMap":{"0":{"start":{"line":1,"column":28},"end":{"line":1,"column":51}},"1":{"start":{"line":2,"column":43},"end":{"line":2,"column":67}},"2":{"start":{"line":3,"column":25},"end":{"line":3,"column":55}},"3":{"start":{"line":7,"column":4},"end":{"line":39,"column":5}},"4":{"start":{"line":8,"column":34},"end":{"line":8,"column":46}},"5":{"start":{"line":10,"column":6},"end":{"line":10,"column":46}},"6":{"start":{"line":10,"column":17},"end":{"line":10,"column":46}},"7":{"start":{"line":11,"column":6},"end":{"line":11,"column":52}},"8":{"start":{"line":11,"column":20},"end":{"line":11,"column":52}},"9":{"start":{"line":13,"column":19},"end":{"line":17,"column":8}},"10":{"start":{"line":19,"column":6},"end":{"line":19,"column":58}},"11":{"start":{"line":19,"column":17},"end":{"line":19,"column":58}},"12":{"start":{"line":21,"column":25},"end":{"line":21,"column":65}},"13":{"start":{"line":23,"column":6},"end":{"line":23,"column":64}},"14":{"start":{"line":23,"column":23},"end":{"line":23,"column":64}},"15":{"start":{"line":25,"column":22},"end":{"line":29,"column":7}},"16":{"start":{"line":31,"column":27},"end":{"line":31,"column":49}},"17":{"start":{"line":33,"column":6},"end":{"line":36,"column":9}},"18":{"start":{"line":38,"column":6},"end":{"line":38,"column":18}},"19":{"start":{"line":43,"column":4},"end":{"line":84,"column":5}},"20":{"start":{"line":44,"column":21},"end":{"line":44,"column":67}},"21":{"start":{"line":45,"column":31},"end":{"line":45,"column":46}},"22":{"start":{"line":46,"column":6},"end":{"line":46,"column":35}},"23":{"start":{"line":47,"column":6},"end":{"line":47,"column":60}},"24":{"start":{"line":47,"column":25},"end":{"line":47,"column":60}},"25":{"start":{"line":49,"column":21},"end":{"line":52,"column":8}},"26":{"start":{"line":53,"column":22},"end":{"line":53,"column":41}},"27":{"start":{"line":55,"column":24},"end":{"line":55,"column":31}},"28":{"start":{"line":56,"column":23},"end":{"line":56,"column":40}},"29":{"start":{"line":57,"column":19},"end":{"line":57,"column":29}},"30":{"start":{"line":59,"column":30},"end":{"line":68,"column":8}},"31":{"start":{"line":70,"column":27},"end":{"line":74,"column":8}},"32":{"start":{"line":76,"column":6},"end":{"line":81,"column":9}},"33":{"start":{"line":83,"column":6},"end":{"line":83,"column":18}},"34":{"start":{"line":88,"column":4},"end":{"line":109,"column":5}},"35":{"start":{"line":89,"column":34},"end":{"line":89,"column":46}},"36":{"start":{"line":90,"column":19},"end":{"line":90,"column":29}},"37":{"start":{"line":92,"column":19},"end":{"line":96,"column":8}},"38":{"start":{"line":98,"column":6},"end":{"line":106,"column":9}},"39":{"start":{"line":108,"column":6},"end":{"line":108,"column":18}},"40":{"start":{"line":113,"column":0},"end":{"line":113,"column":36}}},"fnMap":{"0":{"name":"(anonymous_0)","decl":{"start":{"line":6,"column":2},"end":{"line":6,"column":3}},"loc":{"start":{"line":6,"column":46},"end":{"line":40,"column":3}},"line":6},"1":{"name":"(anonymous_1)","decl":{"start":{"line":42,"column":2},"end":{"line":42,"column":3}},"loc":{"start":{"line":42,"column":52},"end":{"line":85,"column":3}},"line":42},"2":{"name":"(anonymous_2)","decl":{"start":{"line":87,"column":2},"end":{"line":87,"column":3}},"loc":{"start":{"line":87,"column":49},"end":{"line":110,"column":3}},"line":87}},"branchMap":{"0":{"loc":{"start":{"line":10,"column":6},"end":{"line":10,"column":46}},"type":"if","locations":[{"start":{"line":10,"column":6},"end":{"line":10,"column":46}},{"start":{},"end":{}}],"line":10},"1":{"loc":{"start":{"line":11,"column":6},"end":{"line":11,"column":52}},"type":"if","locations":[{"start":{"line":11,"column":6},"end":{"line":11,"column":52}},{"start":{},"end":{}}],"line":11},"2":{"loc":{"start":{"line":19,"column":6},"end":{"line":19,"column":58}},"type":"if","locations":[{"start":{"line":19,"column":6},"end":{"line":19,"column":58}},{"start":{},"end":{}}],"line":19},"3":{"loc":{"start":{"line":23,"column":6},"end":{"line":23,"column":64}},"type":"if","locations":[{"start":{"line":23,"column":6},"end":{"line":23,"column":64}},{"start":{},"end":{}}],"line":23},"4":{"loc":{"start":{"line":47,"column":6},"end":{"line":47,"column":60}},"type":"if","locations":[{"start":{"line":47,"column":6},"end":{"line":47,"column":60}},{"start":{},"end":{}}],"line":47}},"s":{"0":4,"1":4,"2":4,"3":3,"4":3,"5":3,"6":0,"7":3,"8":0,"9":3,"10":3,"11":2,"12":1,"13":1,"14":0,"15":1,"16":1,"17":1,"18":2,"19":0,"20":0,"21":0,"22":0,"23":0,"24":0,"25":0,"26":0,"27":0,"28":0,"29":0,"30":0,"31":0,"32":0,"33":0,"34":7,"35":7,"36":7,"37":7,"38":2,"39":5,"40":4},"f":{"0":3,"1":0,"2":7},"b":{"0":[0,3],"1":[0,3],"2":[2,1],"3":[0,1],"4":[0,0]},"_coverageSchema":"1a1c01bbd47fc00a2c39e90264f33305004495a9","hash":"4cfa1de93ea0fef514e27768f79c87bcdd010073"}
,"C:\\Users\\Victor\\Documents\\Phase 2\\Week 1\\Day 1\\fsjs-p2-v1-c1-server-revichrist\\controllers\\Customer\\customerMovieController.js": {"path":"C:\\Users\\Victor\\Documents\\Phase 2\\Week 1\\Day 1\\fsjs-p2-v1-c1-server-revichrist\\controllers\\Customer\\customerMovieController.js","statementMap":{"0":{"start":{"line":1,"column":25},"end":{"line":1,"column":48}},"1":{"start":{"line":2,"column":14},"end":{"line":2,"column":30}},"2":{"start":{"line":6,"column":4},"end":{"line":35,"column":5}},"3":{"start":{"line":7,"column":56},"end":{"line":7,"column":69}},"4":{"start":{"line":11,"column":29},"end":{"line":11,"column":31}},"5":{"start":{"line":13,"column":6},"end":{"line":15,"column":7}},"6":{"start":{"line":14,"column":8},"end":{"line":14,"column":53}},"7":{"start":{"line":17,"column":19},"end":{"line":25,"column":8}},"8":{"start":{"line":27,"column":6},"end":{"line":32,"column":9}},"9":{"start":{"line":34,"column":6},"end":{"line":34,"column":18}},"10":{"start":{"line":39,"column":4},"end":{"line":59,"column":5}},"11":{"start":{"line":40,"column":21},"end":{"line":40,"column":35}},"12":{"start":{"line":42,"column":25},"end":{"line":49,"column":8}},"13":{"start":{"line":51,"column":6},"end":{"line":51,"column":54}},"14":{"start":{"line":51,"column":23},"end":{"line":51,"column":54}},"15":{"start":{"line":53,"column":6},"end":{"line":56,"column":9}},"16":{"start":{"line":58,"column":6},"end":{"line":58,"column":18}},"17":{"start":{"line":63,"column":4},"end":{"line":81,"column":5}},"18":{"start":{"line":64,"column":23},"end":{"line":64,"column":35}},"19":{"start":{"line":66,"column":19},"end":{"line":75,"column":8}},"20":{"start":{"line":77,"column":6},"end":{"line":77,"column":43}},"21":{"start":{"line":80,"column":6},"end":{"line":80,"column":18}},"22":{"start":{"line":85,"column":0},"end":{"line":85,"column":41}}},"fnMap":{"0":{"name":"(anonymous_0)","decl":{"start":{"line":5,"column":2},"end":{"line":5,"column":3}},"loc":{"start":{"line":5,"column":51},"end":{"line":36,"column":3}},"line":5},"1":{"name":"(anonymous_1)","decl":{"start":{"line":38,"column":2},"end":{"line":38,"column":3}},"loc":{"start":{"line":38,"column":57},"end":{"line":60,"column":3}},"line":38},"2":{"name":"(anonymous_2)","decl":{"start":{"line":62,"column":2},"end":{"line":62,"column":3}},"loc":{"start":{"line":62,"column":53},"end":{"line":82,"column":3}},"line":62}},"branchMap":{"0":{"loc":{"start":{"line":7,"column":12},"end":{"line":7,"column":21}},"type":"default-arg","locations":[{"start":{"line":7,"column":20},"end":{"line":7,"column":21}}],"line":7},"1":{"loc":{"start":{"line":7,"column":23},"end":{"line":7,"column":38}},"type":"default-arg","locations":[{"start":{"line":7,"column":37},"end":{"line":7,"column":38}}],"line":7},"2":{"loc":{"start":{"line":13,"column":6},"end":{"line":15,"column":7}},"type":"if","locations":[{"start":{"line":13,"column":6},"end":{"line":15,"column":7}},{"start":{},"end":{}}],"line":13},"3":{"loc":{"start":{"line":51,"column":6},"end":{"line":51,"column":54}},"type":"if","locations":[{"start":{"line":51,"column":6},"end":{"line":51,"column":54}},{"start":{},"end":{}}],"line":51}},"s":{"0":4,"1":4,"2":3,"3":3,"4":3,"5":3,"6":1,"7":3,"8":0,"9":3,"10":2,"11":2,"12":2,"13":2,"14":2,"15":0,"16":2,"17":0,"18":0,"19":0,"20":0,"21":0,"22":4},"f":{"0":3,"1":2,"2":0},"b":{"0":[3],"1":[2],"2":[1,2],"3":[2,0]},"_coverageSchema":"1a1c01bbd47fc00a2c39e90264f33305004495a9","hash":"e7350dbaf561a85a1a93c8229de10a1cf9951571"}
,"C:\\Users\\Victor\\Documents\\Phase 2\\Week 1\\Day 1\\fsjs-p2-v1-c1-server-revichrist\\controllers\\Customer\\index.js": {"path":"C:\\Users\\Victor\\Documents\\Phase 2\\Week 1\\Day 1\\fsjs-p2-v1-c1-server-revichrist\\controllers\\Customer\\index.js","statementMap":{"0":{"start":{"line":1,"column":27},"end":{"line":1,"column":58}},"1":{"start":{"line":2,"column":32},"end":{"line":2,"column":68}},"2":{"start":{"line":3,"column":35},"end":{"line":3,"column":74}},"3":{"start":{"line":5,"column":0},"end":{"line":9,"column":2}}},"fnMap":{},"branchMap":{},"s":{"0":4,"1":4,"2":4,"3":4},"f":{},"b":{},"_coverageSchema":"1a1c01bbd47fc00a2c39e90264f33305004495a9","hash":"545ee17def7fda8439477c1a459a46178a4dc67f"}
,"C:\\Users\\Victor\\Documents\\Phase 2\\Week 1\\Day 1\\fsjs-p2-v1-c1-server-revichrist\\helpers\\index.js": {"path":"C:\\Users\\Victor\\Documents\\Phase 2\\Week 1\\Day 1\\fsjs-p2-v1-c1-server-revichrist\\helpers\\index.js","statementMap":{"0":{"start":{"line":1,"column":39},"end":{"line":1,"column":55}},"1":{"start":{"line":2,"column":42},"end":{"line":2,"column":71}},"2":{"start":{"line":4,"column":0},"end":{"line":4,"column":79}}},"fnMap":{},"branchMap":{},"s":{"0":4,"1":4,"2":4},"f":{},"b":{},"_coverageSchema":"1a1c01bbd47fc00a2c39e90264f33305004495a9","hash":"ee9727df76aeae543b58bf1f50a7ddbe7b924bfb"}
,"C:\\Users\\Victor\\Documents\\Phase 2\\Week 1\\Day 1\\fsjs-p2-v1-c1-server-revichrist\\helpers\\jwt.js": {"path":"C:\\Users\\Victor\\Documents\\Phase 2\\Week 1\\Day 1\\fsjs-p2-v1-c1-server-revichrist\\helpers\\jwt.js","statementMap":{"0":{"start":{"line":1,"column":12},"end":{"line":1,"column":35}},"1":{"start":{"line":2,"column":19},"end":{"line":2,"column":41}},"2":{"start":{"line":6,"column":2},"end":{"line":6,"column":39}},"3":{"start":{"line":11,"column":2},"end":{"line":11,"column":39}},"4":{"start":{"line":14,"column":0},"end":{"line":14,"column":48}}},"fnMap":{"0":{"name":"generateToken","decl":{"start":{"line":5,"column":9},"end":{"line":5,"column":22}},"loc":{"start":{"line":5,"column":32},"end":{"line":7,"column":1}},"line":5},"1":{"name":"verifyToken","decl":{"start":{"line":10,"column":9},"end":{"line":10,"column":20}},"loc":{"start":{"line":10,"column":28},"end":{"line":12,"column":1}},"line":10}},"branchMap":{},"s":{"0":4,"1":4,"2":2,"3":0,"4":4},"f":{"0":2,"1":0},"b":{},"_coverageSchema":"1a1c01bbd47fc00a2c39e90264f33305004495a9","hash":"1d4d0c22f5e6b011cae6d548890528a0323e8163"}
,"C:\\Users\\Victor\\Documents\\Phase 2\\Week 1\\Day 1\\fsjs-p2-v1-c1-server-revichrist\\helpers\\validatePassword.js": {"path":"C:\\Users\\Victor\\Documents\\Phase 2\\Week 1\\Day 1\\fsjs-p2-v1-c1-server-revichrist\\helpers\\validatePassword.js","statementMap":{"0":{"start":{"line":1,"column":15},"end":{"line":1,"column":34}},"1":{"start":{"line":4,"column":15},"end":{"line":4,"column":37}},"2":{"start":{"line":5,"column":25},"end":{"line":5,"column":53}},"3":{"start":{"line":7,"column":2},"end":{"line":7,"column":24}},"4":{"start":{"line":11,"column":21},"end":{"line":11,"column":65}},"5":{"start":{"line":13,"column":2},"end":{"line":13,"column":20}},"6":{"start":{"line":16,"column":0},"end":{"line":16,"column":51}}},"fnMap":{"0":{"name":"hashPassword","decl":{"start":{"line":3,"column":9},"end":{"line":3,"column":21}},"loc":{"start":{"line":3,"column":34},"end":{"line":8,"column":1}},"line":3},"1":{"name":"loginValidation","decl":{"start":{"line":10,"column":9},"end":{"line":10,"column":24}},"loc":{"start":{"line":10,"column":61},"end":{"line":14,"column":1}},"line":10}},"branchMap":{"0":{"loc":{"start":{"line":3,"column":22},"end":{"line":3,"column":32}},"type":"default-arg","locations":[{"start":{"line":3,"column":30},"end":{"line":3,"column":32}}],"line":3},"1":{"loc":{"start":{"line":10,"column":25},"end":{"line":10,"column":38}},"type":"default-arg","locations":[{"start":{"line":10,"column":36},"end":{"line":10,"column":38}}],"line":10},"2":{"loc":{"start":{"line":10,"column":40},"end":{"line":10,"column":59}},"type":"default-arg","locations":[{"start":{"line":10,"column":57},"end":{"line":10,"column":59}}],"line":10}},"s":{"0":4,"1":4,"2":4,"3":4,"4":1,"5":1,"6":4},"f":{"0":4,"1":1},"b":{"0":[0],"1":[0],"2":[0]},"_coverageSchema":"1a1c01bbd47fc00a2c39e90264f33305004495a9","hash":"d65f160f7126144d0164b80bcc21d9d7ce7fdd8e"}
,"C:\\Users\\Victor\\Documents\\Phase 2\\Week 1\\Day 1\\fsjs-p2-v1-c1-server-revichrist\\middlewares\\authentication.js": {"path":"C:\\Users\\Victor\\Documents\\Phase 2\\Week 1\\Day 1\\fsjs-p2-v1-c1-server-revichrist\\middlewares\\authentication.js","statementMap":{"0":{"start":{"line":1,"column":27},"end":{"line":1,"column":47}},"1":{"start":{"line":2,"column":24},"end":{"line":2,"column":45}},"2":{"start":{"line":5,"column":2},"end":{"line":49,"column":3}},"3":{"start":{"line":8,"column":29},"end":{"line":8,"column":44}},"4":{"start":{"line":10,"column":4},"end":{"line":12,"column":5}},"5":{"start":{"line":11,"column":6},"end":{"line":11,"column":42}},"6":{"start":{"line":14,"column":20},"end":{"line":14,"column":45}},"7":{"start":{"line":16,"column":4},"end":{"line":18,"column":5}},"8":{"start":{"line":17,"column":6},"end":{"line":17,"column":42}},"9":{"start":{"line":21,"column":4},"end":{"line":33,"column":5}},"10":{"start":{"line":22,"column":6},"end":{"line":26,"column":9}},"11":{"start":{"line":28,"column":6},"end":{"line":32,"column":9}},"12":{"start":{"line":35,"column":4},"end":{"line":37,"column":5}},"13":{"start":{"line":36,"column":6},"end":{"line":36,"column":42}},"14":{"start":{"line":39,"column":4},"end":{"line":44,"column":6}},"15":{"start":{"line":46,"column":4},"end":{"line":46,"column":11}},"16":{"start":{"line":48,"column":4},"end":{"line":48,"column":16}},"17":{"start":{"line":52,"column":0},"end":{"line":52,"column":32}}},"fnMap":{"0":{"name":"authentication","decl":{"start":{"line":4,"column":15},"end":{"line":4,"column":29}},"loc":{"start":{"line":4,"column":55},"end":{"line":50,"column":1}},"line":4}},"branchMap":{"0":{"loc":{"start":{"line":10,"column":4},"end":{"line":12,"column":5}},"type":"if","locations":[{"start":{"line":10,"column":4},"end":{"line":12,"column":5}},{"start":{},"end":{}}],"line":10},"1":{"loc":{"start":{"line":16,"column":4},"end":{"line":18,"column":5}},"type":"if","locations":[{"start":{"line":16,"column":4},"end":{"line":18,"column":5}},{"start":{},"end":{}}],"line":16},"2":{"loc":{"start":{"line":21,"column":4},"end":{"line":33,"column":5}},"type":"if","locations":[{"start":{"line":21,"column":4},"end":{"line":33,"column":5}},{"start":{"line":27,"column":11},"end":{"line":33,"column":5}}],"line":21},"3":{"loc":{"start":{"line":35,"column":4},"end":{"line":37,"column":5}},"type":"if","locations":[{"start":{"line":35,"column":4},"end":{"line":37,"column":5}},{"start":{},"end":{}}],"line":35},"4":{"loc":{"start":{"line":41,"column":16},"end":{"line":41,"column":35}},"type":"binary-expr","locations":[{"start":{"line":41,"column":16},"end":{"line":41,"column":29}},{"start":{"line":41,"column":33},"end":{"line":41,"column":35}}],"line":41}},"s":{"0":4,"1":4,"2":0,"3":0,"4":0,"5":0,"6":0,"7":0,"8":0,"9":0,"10":0,"11":0,"12":0,"13":0,"14":0,"15":0,"16":0,"17":4},"f":{"0":0},"b":{"0":[0,0],"1":[0,0],"2":[0,0],"3":[0,0],"4":[0,0]},"_coverageSchema":"1a1c01bbd47fc00a2c39e90264f33305004495a9","hash":"881dcd8a18f4bb72c17b71c360a40aafb0f35149"}
,"C:\\Users\\Victor\\Documents\\Phase 2\\Week 1\\Day 1\\fsjs-p2-v1-c1-server-revichrist\\middlewares\\authorization.js": {"path":"C:\\Users\\Victor\\Documents\\Phase 2\\Week 1\\Day 1\\fsjs-p2-v1-c1-server-revichrist\\middlewares\\authorization.js","statementMap":{"0":{"start":{"line":1,"column":18},"end":{"line":1,"column":38}},"1":{"start":{"line":4,"column":2},"end":{"line":20,"column":3}},"2":{"start":{"line":5,"column":33},"end":{"line":5,"column":45}},"3":{"start":{"line":6,"column":19},"end":{"line":6,"column":33}},"4":{"start":{"line":8,"column":22},"end":{"line":8,"column":46}},"5":{"start":{"line":10,"column":4},"end":{"line":17,"column":5}},"6":{"start":{"line":11,"column":6},"end":{"line":13,"column":7}},"7":{"start":{"line":12,"column":8},"end":{"line":12,"column":45}},"8":{"start":{"line":14,"column":6},"end":{"line":14,"column":13}},"9":{"start":{"line":16,"column":6},"end":{"line":16,"column":37}},"10":{"start":{"line":19,"column":4},"end":{"line":19,"column":16}},"11":{"start":{"line":24,"column":2},"end":{"line":46,"column":3}},"12":{"start":{"line":25,"column":21},"end":{"line":25,"column":33}},"13":{"start":{"line":26,"column":19},"end":{"line":26,"column":33}},"14":{"start":{"line":28,"column":17},"end":{"line":32,"column":6}},"15":{"start":{"line":34,"column":4},"end":{"line":42,"column":5}},"16":{"start":{"line":35,"column":6},"end":{"line":35,"column":37}},"17":{"start":{"line":37,"column":6},"end":{"line":41,"column":7}},"18":{"start":{"line":38,"column":8},"end":{"line":38,"column":45}},"19":{"start":{"line":40,"column":8},"end":{"line":40,"column":14}},"20":{"start":{"line":45,"column":4},"end":{"line":45,"column":16}},"21":{"start":{"line":49,"column":0},"end":{"line":49,"column":62}}},"fnMap":{"0":{"name":"deleteAuthorization","decl":{"start":{"line":3,"column":15},"end":{"line":3,"column":34}},"loc":{"start":{"line":3,"column":60},"end":{"line":21,"column":1}},"line":3},"1":{"name":"statusAuthorization","decl":{"start":{"line":23,"column":15},"end":{"line":23,"column":34}},"loc":{"start":{"line":23,"column":60},"end":{"line":47,"column":1}},"line":23}},"branchMap":{"0":{"loc":{"start":{"line":10,"column":4},"end":{"line":17,"column":5}},"type":"if","locations":[{"start":{"line":10,"column":4},"end":{"line":17,"column":5}},{"start":{"line":15,"column":11},"end":{"line":17,"column":5}}],"line":10},"1":{"loc":{"start":{"line":11,"column":6},"end":{"line":13,"column":7}},"type":"if","locations":[{"start":{"line":11,"column":6},"end":{"line":13,"column":7}},{"start":{},"end":{}}],"line":11},"2":{"loc":{"start":{"line":11,"column":10},"end":{"line":11,"column":59}},"type":"binary-expr","locations":[{"start":{"line":11,"column":10},"end":{"line":11,"column":26}},{"start":{"line":11,"column":30},"end":{"line":11,"column":59}}],"line":11},"3":{"loc":{"start":{"line":34,"column":4},"end":{"line":42,"column":5}},"type":"if","locations":[{"start":{"line":34,"column":4},"end":{"line":42,"column":5}},{"start":{"line":36,"column":11},"end":{"line":42,"column":5}}],"line":34},"4":{"loc":{"start":{"line":37,"column":6},"end":{"line":41,"column":7}},"type":"if","locations":[{"start":{"line":37,"column":6},"end":{"line":41,"column":7}},{"start":{"line":39,"column":11},"end":{"line":41,"column":7}}],"line":37}},"s":{"0":4,"1":0,"2":0,"3":0,"4":0,"5":0,"6":0,"7":0,"8":0,"9":0,"10":0,"11":0,"12":0,"13":0,"14":0,"15":0,"16":0,"17":0,"18":0,"19":0,"20":0,"21":4},"f":{"0":0,"1":0},"b":{"0":[0,0],"1":[0,0],"2":[0,0],"3":[0,0],"4":[0,0]},"_coverageSchema":"1a1c01bbd47fc00a2c39e90264f33305004495a9","hash":"261334872922163ba56a7d504e4274f953c143d1"}
,"C:\\Users\\Victor\\Documents\\Phase 2\\Week 1\\Day 1\\fsjs-p2-v1-c1-server-revichrist\\middlewares\\errorHandler.js": {"path":"C:\\Users\\Victor\\Documents\\Phase 2\\Week 1\\Day 1\\fsjs-p2-v1-c1-server-revichrist\\middlewares\\errorHandler.js","statementMap":{"0":{"start":{"line":2,"column":19},"end":{"line":2,"column":22}},"1":{"start":{"line":7,"column":2},"end":{"line":76,"column":3}},"2":{"start":{"line":11,"column":6},"end":{"line":11,"column":23}},"3":{"start":{"line":12,"column":6},"end":{"line":12,"column":59}},"4":{"start":{"line":13,"column":6},"end":{"line":13,"column":12}},"5":{"start":{"line":16,"column":6},"end":{"line":16,"column":23}},"6":{"start":{"line":17,"column":6},"end":{"line":17,"column":36}},"7":{"start":{"line":18,"column":6},"end":{"line":18,"column":12}},"8":{"start":{"line":21,"column":6},"end":{"line":21,"column":23}},"9":{"start":{"line":22,"column":6},"end":{"line":22,"column":39}},"10":{"start":{"line":23,"column":6},"end":{"line":23,"column":12}},"11":{"start":{"line":26,"column":28},"end":{"line":28,"column":8}},"12":{"start":{"line":27,"column":8},"end":{"line":27,"column":26}},"13":{"start":{"line":30,"column":6},"end":{"line":30,"column":23}},"14":{"start":{"line":31,"column":6},"end":{"line":31,"column":30}},"15":{"start":{"line":32,"column":6},"end":{"line":32,"column":12}},"16":{"start":{"line":36,"column":6},"end":{"line":36,"column":23}},"17":{"start":{"line":37,"column":6},"end":{"line":37,"column":30}},"18":{"start":{"line":38,"column":6},"end":{"line":38,"column":12}},"19":{"start":{"line":43,"column":6},"end":{"line":43,"column":23}},"20":{"start":{"line":44,"column":6},"end":{"line":44,"column":44}},"21":{"start":{"line":45,"column":6},"end":{"line":45,"column":12}},"22":{"start":{"line":49,"column":6},"end":{"line":49,"column":23}},"23":{"start":{"line":50,"column":6},"end":{"line":50,"column":66}},"24":{"start":{"line":51,"column":6},"end":{"line":51,"column":12}},"25":{"start":{"line":55,"column":6},"end":{"line":55,"column":23}},"26":{"start":{"line":56,"column":6},"end":{"line":56,"column":62}},"27":{"start":{"line":57,"column":6},"end":{"line":57,"column":12}},"28":{"start":{"line":62,"column":6},"end":{"line":62,"column":23}},"29":{"start":{"line":63,"column":6},"end":{"line":63,"column":59}},"30":{"start":{"line":64,"column":6},"end":{"line":64,"column":12}},"31":{"start":{"line":68,"column":6},"end":{"line":68,"column":23}},"32":{"start":{"line":69,"column":6},"end":{"line":69,"column":34}},"33":{"start":{"line":70,"column":6},"end":{"line":70,"column":12}},"34":{"start":{"line":74,"column":6},"end":{"line":74,"column":39}},"35":{"start":{"line":75,"column":6},"end":{"line":75,"column":12}},"36":{"start":{"line":78,"column":2},"end":{"line":81,"column":5}},"37":{"start":{"line":84,"column":0},"end":{"line":84,"column":30}}},"fnMap":{"0":{"name":"errorHandler","decl":{"start":{"line":1,"column":9},"end":{"line":1,"column":21}},"loc":{"start":{"line":1,"column":54},"end":{"line":82,"column":1}},"line":1},"1":{"name":"(anonymous_1)","decl":{"start":{"line":26,"column":45},"end":{"line":26,"column":46}},"loc":{"start":{"line":26,"column":53},"end":{"line":28,"column":7}},"line":26}},"branchMap":{"0":{"loc":{"start":{"line":7,"column":2},"end":{"line":76,"column":3}},"type":"switch","locations":[{"start":{"line":10,"column":4},"end":{"line":13,"column":12}},{"start":{"line":15,"column":4},"end":{"line":18,"column":12}},{"start":{"line":20,"column":4},"end":{"line":23,"column":12}},{"start":{"line":25,"column":4},"end":{"line":32,"column":12}},{"start":{"line":35,"column":4},"end":{"line":38,"column":12}},{"start":{"line":42,"column":4},"end":{"line":45,"column":12}},{"start":{"line":48,"column":4},"end":{"line":51,"column":12}},{"start":{"line":54,"column":4},"end":{"line":57,"column":12}},{"start":{"line":61,"column":4},"end":{"line":64,"column":12}},{"start":{"line":67,"column":4},"end":{"line":70,"column":12}},{"start":{"line":73,"column":4},"end":{"line":75,"column":12}}],"line":7},"1":{"loc":{"start":{"line":74,"column":16},"end":{"line":74,"column":38}},"type":"binary-expr","locations":[{"start":{"line":74,"column":16},"end":{"line":74,"column":29}},{"start":{"line":74,"column":33},"end":{"line":74,"column":38}}],"line":74}},"s":{"0":12,"1":12,"2":0,"3":0,"4":0,"5":0,"6":0,"7":0,"8":0,"9":0,"10":0,"11":5,"12":7,"13":5,"14":5,"15":5,"16":0,"17":0,"18":0,"19":2,"20":2,"21":2,"22":0,"23":0,"24":0,"25":0,"26":0,"27":0,"28":0,"29":0,"30":0,"31":2,"32":2,"33":2,"34":3,"35":3,"36":12,"37":4},"f":{"0":12,"1":7},"b":{"0":[0,0,0,5,0,2,0,0,0,2,3],"1":[3,0]},"_coverageSchema":"1a1c01bbd47fc00a2c39e90264f33305004495a9","hash":"8dcf21c85fec53bc3e96660bc9c52fc408641858"}
,"C:\\Users\\Victor\\Documents\\Phase 2\\Week 1\\Day 1\\fsjs-p2-v1-c1-server-revichrist\\middlewares\\index.js": {"path":"C:\\Users\\Victor\\Documents\\Phase 2\\Week 1\\Day 1\\fsjs-p2-v1-c1-server-revichrist\\middlewares\\index.js","statementMap":{"0":{"start":{"line":1,"column":21},"end":{"line":1,"column":46}},"1":{"start":{"line":2,"column":23},"end":{"line":2,"column":50}},"2":{"start":{"line":3,"column":53},"end":{"line":3,"column":79}},"3":{"start":{"line":5,"column":0},"end":{"line":10,"column":2}}},"fnMap":{},"branchMap":{},"s":{"0":4,"1":4,"2":4,"3":4},"f":{},"b":{},"_coverageSchema":"1a1c01bbd47fc00a2c39e90264f33305004495a9","hash":"b0b4fa0c254b172c54b4c50a48dc6339cea0b385"}
,"C:\\Users\\Victor\\Documents\\Phase 2\\Week 1\\Day 1\\fsjs-p2-v1-c1-server-revichrist\\models\\bookmark.js": {"path":"C:\\Users\\Victor\\Documents\\Phase 2\\Week 1\\Day 1\\fsjs-p2-v1-c1-server-revichrist\\models\\bookmark.js","statementMap":{"0":{"start":{"line":2,"column":18},"end":{"line":2,"column":38}},"1":{"start":{"line":3,"column":0},"end":{"line":29,"column":2}},"2":{"start":{"line":12,"column":6},"end":{"line":12,"column":66}},"3":{"start":{"line":13,"column":6},"end":{"line":13,"column":72}},"4":{"start":{"line":18,"column":2},"end":{"line":27,"column":4}},"5":{"start":{"line":28,"column":2},"end":{"line":28,"column":18}}},"fnMap":{"0":{"name":"(anonymous_0)","decl":{"start":{"line":3,"column":17},"end":{"line":3,"column":18}},"loc":{"start":{"line":3,"column":43},"end":{"line":29,"column":1}},"line":3},"1":{"name":"(anonymous_1)","decl":{"start":{"line":10,"column":4},"end":{"line":10,"column":5}},"loc":{"start":{"line":10,"column":29},"end":{"line":14,"column":5}},"line":10}},"branchMap":{},"s":{"0":4,"1":4,"2":4,"3":4,"4":4,"5":4},"f":{"0":4,"1":4},"b":{},"_coverageSchema":"1a1c01bbd47fc00a2c39e90264f33305004495a9","hash":"c3ad1a18b4035f066aa46b1ba428562f5c969abc"}
,"C:\\Users\\Victor\\Documents\\Phase 2\\Week 1\\Day 1\\fsjs-p2-v1-c1-server-revichrist\\models\\customer.js": {"path":"C:\\Users\\Victor\\Documents\\Phase 2\\Week 1\\Day 1\\fsjs-p2-v1-c1-server-revichrist\\models\\customer.js","statementMap":{"0":{"start":{"line":2,"column":18},"end":{"line":2,"column":38}},"1":{"start":{"line":3,"column":25},"end":{"line":3,"column":46}},"2":{"start":{"line":4,"column":0},"end":{"line":71,"column":2}},"3":{"start":{"line":13,"column":6},"end":{"line":13,"column":70}},"4":{"start":{"line":16,"column":2},"end":{"line":65,"column":4}},"5":{"start":{"line":53,"column":12},"end":{"line":55,"column":13}},"6":{"start":{"line":54,"column":14},"end":{"line":54,"column":73}},"7":{"start":{"line":67,"column":2},"end":{"line":69,"column":5}},"8":{"start":{"line":68,"column":4},"end":{"line":68,"column":56}},"9":{"start":{"line":70,"column":2},"end":{"line":70,"column":18}}},"fnMap":{"0":{"name":"(anonymous_0)","decl":{"start":{"line":4,"column":17},"end":{"line":4,"column":18}},"loc":{"start":{"line":4,"column":43},"end":{"line":71,"column":1}},"line":4},"1":{"name":"(anonymous_1)","decl":{"start":{"line":11,"column":4},"end":{"line":11,"column":5}},"loc":{"start":{"line":11,"column":29},"end":{"line":14,"column":5}},"line":11},"2":{"name":"(anonymous_2)","decl":{"start":{"line":52,"column":10},"end":{"line":52,"column":11}},"loc":{"start":{"line":52,"column":34},"end":{"line":56,"column":11}},"line":52},"3":{"name":"(anonymous_3)","decl":{"start":{"line":67,"column":24},"end":{"line":67,"column":25}},"loc":{"start":{"line":67,"column":38},"end":{"line":69,"column":3}},"line":67}},"branchMap":{"0":{"loc":{"start":{"line":53,"column":12},"end":{"line":55,"column":13}},"type":"if","locations":[{"start":{"line":53,"column":12},"end":{"line":55,"column":13}},{"start":{},"end":{}}],"line":53}},"s":{"0":4,"1":4,"2":4,"3":4,"4":4,"5":8,"6":1,"7":4,"8":4,"9":4},"f":{"0":4,"1":4,"2":8,"3":4},"b":{"0":[1,7]},"_coverageSchema":"1a1c01bbd47fc00a2c39e90264f33305004495a9","hash":"6ded13282ca37d59fbe1c43ac35b08362d583b7b"}
,"C:\\Users\\Victor\\Documents\\Phase 2\\Week 1\\Day 1\\fsjs-p2-v1-c1-server-revichrist\\models\\genre.js": {"path":"C:\\Users\\Victor\\Documents\\Phase 2\\Week 1\\Day 1\\fsjs-p2-v1-c1-server-revichrist\\models\\genre.js","statementMap":{"0":{"start":{"line":2,"column":18},"end":{"line":2,"column":38}},"1":{"start":{"line":3,"column":0},"end":{"line":40,"column":2}},"2":{"start":{"line":12,"column":6},"end":{"line":14,"column":9}},"3":{"start":{"line":17,"column":2},"end":{"line":38,"column":4}},"4":{"start":{"line":39,"column":2},"end":{"line":39,"column":15}}},"fnMap":{"0":{"name":"(anonymous_0)","decl":{"start":{"line":3,"column":17},"end":{"line":3,"column":18}},"loc":{"start":{"line":3,"column":43},"end":{"line":40,"column":1}},"line":3},"1":{"name":"(anonymous_1)","decl":{"start":{"line":10,"column":4},"end":{"line":10,"column":5}},"loc":{"start":{"line":10,"column":29},"end":{"line":15,"column":5}},"line":10}},"branchMap":{},"s":{"0":4,"1":4,"2":4,"3":4,"4":4},"f":{"0":4,"1":4},"b":{},"_coverageSchema":"1a1c01bbd47fc00a2c39e90264f33305004495a9","hash":"6905347162d8939f3afe9b53ce52342e52ce2651"}
,"C:\\Users\\Victor\\Documents\\Phase 2\\Week 1\\Day 1\\fsjs-p2-v1-c1-server-revichrist\\models\\history.js": {"path":"C:\\Users\\Victor\\Documents\\Phase 2\\Week 1\\Day 1\\fsjs-p2-v1-c1-server-revichrist\\models\\history.js","statementMap":{"0":{"start":{"line":4,"column":4},"end":{"line":4,"column":24}},"1":{"start":{"line":5,"column":0},"end":{"line":25,"column":2}},"2":{"start":{"line":16,"column":2},"end":{"line":23,"column":5}},"3":{"start":{"line":24,"column":2},"end":{"line":24,"column":17}}},"fnMap":{"0":{"name":"(anonymous_0)","decl":{"start":{"line":5,"column":17},"end":{"line":5,"column":18}},"loc":{"start":{"line":5,"column":43},"end":{"line":25,"column":1}},"line":5},"1":{"name":"(anonymous_1)","decl":{"start":{"line":12,"column":4},"end":{"line":12,"column":5}},"loc":{"start":{"line":12,"column":29},"end":{"line":14,"column":5}},"line":12}},"branchMap":{},"s":{"0":4,"1":4,"2":4,"3":4},"f":{"0":4,"1":4},"b":{},"_coverageSchema":"1a1c01bbd47fc00a2c39e90264f33305004495a9","hash":"e1fe1ec1f22c7f723bfc1d5f8f594334bbace8b3"}
,"C:\\Users\\Victor\\Documents\\Phase 2\\Week 1\\Day 1\\fsjs-p2-v1-c1-server-revichrist\\models\\index.js": {"path":"C:\\Users\\Victor\\Documents\\Phase 2\\Week 1\\Day 1\\fsjs-p2-v1-c1-server-revichrist\\models\\index.js","statementMap":{"0":{"start":{"line":3,"column":11},"end":{"line":3,"column":24}},"1":{"start":{"line":4,"column":13},"end":{"line":4,"column":28}},"2":{"start":{"line":5,"column":18},"end":{"line":5,"column":38}},"3":{"start":{"line":6,"column":16},"end":{"line":6,"column":34}},"4":{"start":{"line":7,"column":17},"end":{"line":7,"column":42}},"5":{"start":{"line":8,"column":12},"end":{"line":8,"column":49}},"6":{"start":{"line":9,"column":15},"end":{"line":9,"column":65}},"7":{"start":{"line":10,"column":11},"end":{"line":10,"column":13}},"8":{"start":{"line":13,"column":0},"end":{"line":22,"column":1}},"9":{"start":{"line":14,"column":2},"end":{"line":14,"column":74}},"10":{"start":{"line":16,"column":2},"end":{"line":21,"column":4}},"11":{"start":{"line":24,"column":0},"end":{"line":39,"column":5}},"12":{"start":{"line":26,"column":4},"end":{"line":31,"column":6}},"13":{"start":{"line":34,"column":18},"end":{"line":37,"column":5}},"14":{"start":{"line":38,"column":4},"end":{"line":38,"column":27}},"15":{"start":{"line":41,"column":0},"end":{"line":45,"column":3}},"16":{"start":{"line":42,"column":2},"end":{"line":44,"column":3}},"17":{"start":{"line":43,"column":4},"end":{"line":43,"column":32}},"18":{"start":{"line":47,"column":0},"end":{"line":47,"column":25}},"19":{"start":{"line":48,"column":0},"end":{"line":48,"column":25}},"20":{"start":{"line":50,"column":0},"end":{"line":50,"column":20}}},"fnMap":{"0":{"name":"(anonymous_0)","decl":{"start":{"line":25,"column":10},"end":{"line":25,"column":11}},"loc":{"start":{"line":25,"column":20},"end":{"line":32,"column":3}},"line":25},"1":{"name":"(anonymous_1)","decl":{"start":{"line":33,"column":11},"end":{"line":33,"column":12}},"loc":{"start":{"line":33,"column":21},"end":{"line":39,"column":3}},"line":33},"2":{"name":"(anonymous_2)","decl":{"start":{"line":41,"column":24},"end":{"line":41,"column":25}},"loc":{"start":{"line":41,"column":39},"end":{"line":45,"column":1}},"line":41}},"branchMap":{"0":{"loc":{"start":{"line":8,"column":12},"end":{"line":8,"column":49}},"type":"binary-expr","locations":[{"start":{"line":8,"column":12},"end":{"line":8,"column":32}},{"start":{"line":8,"column":36},"end":{"line":8,"column":49}}],"line":8},"1":{"loc":{"start":{"line":13,"column":0},"end":{"line":22,"column":1}},"type":"if","locations":[{"start":{"line":13,"column":0},"end":{"line":22,"column":1}},{"start":{"line":15,"column":7},"end":{"line":22,"column":1}}],"line":13},"2":{"loc":{"start":{"line":27,"column":6},"end":{"line":30,"column":37}},"type":"binary-expr","locations":[{"start":{"line":27,"column":6},"end":{"line":27,"column":29}},{"start":{"line":28,"column":6},"end":{"line":28,"column":23}},{"start":{"line":29,"column":6},"end":{"line":29,"column":30}},{"start":{"line":30,"column":6},"end":{"line":30,"column":37}}],"line":27},"3":{"loc":{"start":{"line":42,"column":2},"end":{"line":44,"column":3}},"type":"if","locations":[{"start":{"line":42,"column":2},"end":{"line":44,"column":3}},{"start":{},"end":{}}],"line":42}},"s":{"0":4,"1":4,"2":4,"3":4,"4":4,"5":4,"6":4,"7":4,"8":4,"9":0,"10":4,"11":4,"12":28,"13":24,"14":24,"15":4,"16":24,"17":24,"18":4,"19":4,"20":4},"f":{"0":28,"1":24,"2":24},"b":{"0":[4,0],"1":[0,4],"2":[28,28,24,24],"3":[24,0]},"_coverageSchema":"1a1c01bbd47fc00a2c39e90264f33305004495a9","hash":"654a58c6d761765b3427bf9e4f21cee6ca8d607e"}
,"C:\\Users\\Victor\\Documents\\Phase 2\\Week 1\\Day 1\\fsjs-p2-v1-c1-server-revichrist\\models\\movie.js": {"path":"C:\\Users\\Victor\\Documents\\Phase 2\\Week 1\\Day 1\\fsjs-p2-v1-c1-server-revichrist\\models\\movie.js","statementMap":{"0":{"start":{"line":2,"column":18},"end":{"line":2,"column":38}},"1":{"start":{"line":3,"column":0},"end":{"line":101,"column":2}},"2":{"start":{"line":12,"column":6},"end":{"line":14,"column":9}},"3":{"start":{"line":16,"column":6},"end":{"line":18,"column":9}},"4":{"start":{"line":20,"column":6},"end":{"line":20,"column":64}},"5":{"start":{"line":23,"column":2},"end":{"line":95,"column":4}},"6":{"start":{"line":96,"column":2},"end":{"line":98,"column":5}},"7":{"start":{"line":97,"column":4},"end":{"line":97,"column":28}},"8":{"start":{"line":100,"column":2},"end":{"line":100,"column":15}}},"fnMap":{"0":{"name":"(anonymous_0)","decl":{"start":{"line":3,"column":17},"end":{"line":3,"column":18}},"loc":{"start":{"line":3,"column":43},"end":{"line":101,"column":1}},"line":3},"1":{"name":"(anonymous_1)","decl":{"start":{"line":10,"column":4},"end":{"line":10,"column":5}},"loc":{"start":{"line":10,"column":29},"end":{"line":21,"column":5}},"line":10},"2":{"name":"(anonymous_2)","decl":{"start":{"line":96,"column":21},"end":{"line":96,"column":22}},"loc":{"start":{"line":96,"column":38},"end":{"line":98,"column":3}},"line":96}},"branchMap":{},"s":{"0":4,"1":4,"2":4,"3":4,"4":4,"5":4,"6":4,"7":0,"8":4},"f":{"0":4,"1":4,"2":0},"b":{},"_coverageSchema":"1a1c01bbd47fc00a2c39e90264f33305004495a9","hash":"f08648e4fcbf06f1ed328b7ee0b2e61ed71378a6"}
,"C:\\Users\\Victor\\Documents\\Phase 2\\Week 1\\Day 1\\fsjs-p2-v1-c1-server-revichrist\\models\\user.js": {"path":"C:\\Users\\Victor\\Documents\\Phase 2\\Week 1\\Day 1\\fsjs-p2-v1-c1-server-revichrist\\models\\user.js","statementMap":{"0":{"start":{"line":2,"column":25},"end":{"line":2,"column":46}},"1":{"start":{"line":4,"column":18},"end":{"line":4,"column":38}},"2":{"start":{"line":5,"column":0},"end":{"line":82,"column":2}},"3":{"start":{"line":14,"column":6},"end":{"line":16,"column":9}},"4":{"start":{"line":19,"column":2},"end":{"line":74,"column":4}},"5":{"start":{"line":59,"column":12},"end":{"line":61,"column":13}},"6":{"start":{"line":60,"column":14},"end":{"line":60,"column":73}},"7":{"start":{"line":76,"column":2},"end":{"line":79,"column":5}},"8":{"start":{"line":77,"column":18},"end":{"line":77,"column":31}},"9":{"start":{"line":78,"column":4},"end":{"line":78,"column":40}},"10":{"start":{"line":81,"column":2},"end":{"line":81,"column":14}}},"fnMap":{"0":{"name":"(anonymous_0)","decl":{"start":{"line":5,"column":17},"end":{"line":5,"column":18}},"loc":{"start":{"line":5,"column":43},"end":{"line":82,"column":1}},"line":5},"1":{"name":"(anonymous_1)","decl":{"start":{"line":12,"column":4},"end":{"line":12,"column":5}},"loc":{"start":{"line":12,"column":29},"end":{"line":17,"column":5}},"line":12},"2":{"name":"(anonymous_2)","decl":{"start":{"line":58,"column":10},"end":{"line":58,"column":11}},"loc":{"start":{"line":58,"column":34},"end":{"line":62,"column":11}},"line":58},"3":{"name":"(anonymous_3)","decl":{"start":{"line":76,"column":20},"end":{"line":76,"column":21}},"loc":{"start":{"line":76,"column":30},"end":{"line":79,"column":3}},"line":76}},"branchMap":{"0":{"loc":{"start":{"line":59,"column":12},"end":{"line":61,"column":13}},"type":"if","locations":[{"start":{"line":59,"column":12},"end":{"line":61,"column":13}},{"start":{},"end":{}}],"line":59}},"s":{"0":4,"1":4,"2":4,"3":4,"4":4,"5":0,"6":0,"7":4,"8":0,"9":0,"10":4},"f":{"0":4,"1":4,"2":0,"3":0},"b":{"0":[0,0]},"_coverageSchema":"1a1c01bbd47fc00a2c39e90264f33305004495a9","hash":"0c2875e6bf610b847a7beacddfd6e615c8b6c723"}
,"C:\\Users\\Victor\\Documents\\Phase 2\\Week 1\\Day 1\\fsjs-p2-v1-c1-server-revichrist\\routers\\customerBookmarkRouter.js": {"path":"C:\\Users\\Victor\\Documents\\Phase 2\\Week 1\\Day 1\\fsjs-p2-v1-c1-server-revichrist\\routers\\customerBookmarkRouter.js","statementMap":{"0":{"start":{"line":1,"column":15},"end":{"line":1,"column":42}},"1":{"start":{"line":2,"column":39},"end":{"line":2,"column":73}},"2":{"start":{"line":5,"column":0},"end":{"line":5,"column":60}},"3":{"start":{"line":8,"column":0},"end":{"line":8,"column":57}},"4":{"start":{"line":11,"column":0},"end":{"line":11,"column":64}},"5":{"start":{"line":13,"column":0},"end":{"line":13,"column":24}}},"fnMap":{},"branchMap":{},"s":{"0":4,"1":4,"2":4,"3":4,"4":4,"5":4},"f":{},"b":{},"_coverageSchema":"1a1c01bbd47fc00a2c39e90264f33305004495a9","hash":"62a0de3abb632dc19418f69e6511713479a0defd"}
,"C:\\Users\\Victor\\Documents\\Phase 2\\Week 1\\Day 1\\fsjs-p2-v1-c1-server-revichrist\\routers\\customerMovieRouter.js": {"path":"C:\\Users\\Victor\\Documents\\Phase 2\\Week 1\\Day 1\\fsjs-p2-v1-c1-server-revichrist\\routers\\customerMovieRouter.js","statementMap":{"0":{"start":{"line":1,"column":15},"end":{"line":1,"column":42}},"1":{"start":{"line":2,"column":36},"end":{"line":2,"column":70}},"2":{"start":{"line":4,"column":0},"end":{"line":4,"column":52}},"3":{"start":{"line":5,"column":0},"end":{"line":5,"column":61}},"4":{"start":{"line":6,"column":0},"end":{"line":6,"column":66}},"5":{"start":{"line":8,"column":0},"end":{"line":8,"column":24}}},"fnMap":{},"branchMap":{},"s":{"0":4,"1":4,"2":4,"3":4,"4":4,"5":4},"f":{},"b":{},"_coverageSchema":"1a1c01bbd47fc00a2c39e90264f33305004495a9","hash":"034cc401d4ebbf165832a0e147976692353907f7"}
,"C:\\Users\\Victor\\Documents\\Phase 2\\Week 1\\Day 1\\fsjs-p2-v1-c1-server-revichrist\\routers\\customerRouter.js": {"path":"C:\\Users\\Victor\\Documents\\Phase 2\\Week 1\\Day 1\\fsjs-p2-v1-c1-server-revichrist\\routers\\customerRouter.js","statementMap":{"0":{"start":{"line":1,"column":15},"end":{"line":1,"column":42}},"1":{"start":{"line":2,"column":31},"end":{"line":2,"column":65}},"2":{"start":{"line":4,"column":0},"end":{"line":4,"column":47}},"3":{"start":{"line":5,"column":0},"end":{"line":5,"column":53}},"4":{"start":{"line":6,"column":0},"end":{"line":6,"column":59}},"5":{"start":{"line":8,"column":0},"end":{"line":8,"column":23}}},"fnMap":{},"branchMap":{},"s":{"0":4,"1":4,"2":4,"3":4,"4":4,"5":4},"f":{},"b":{},"_coverageSchema":"1a1c01bbd47fc00a2c39e90264f33305004495a9","hash":"f10b76e6cbe846286bcde0199c56325c4af7d0fa"}
,"C:\\Users\\Victor\\Documents\\Phase 2\\Week 1\\Day 1\\fsjs-p2-v1-c1-server-revichrist\\routers\\genreRouter.js": {"path":"C:\\Users\\Victor\\Documents\\Phase 2\\Week 1\\Day 1\\fsjs-p2-v1-c1-server-revichrist\\routers\\genreRouter.js","statementMap":{"0":{"start":{"line":1,"column":15},"end":{"line":1,"column":42}},"1":{"start":{"line":2,"column":28},"end":{"line":2,"column":53}},"2":{"start":{"line":4,"column":0},"end":{"line":4,"column":43}},"3":{"start":{"line":6,"column":0},"end":{"line":6,"column":24}}},"fnMap":{},"branchMap":{},"s":{"0":4,"1":4,"2":4,"3":4},"f":{},"b":{},"_coverageSchema":"1a1c01bbd47fc00a2c39e90264f33305004495a9","hash":"f65d5e10f7d457f18a9ad1622acf4f5418cff0d2"}
,"C:\\Users\\Victor\\Documents\\Phase 2\\Week 1\\Day 1\\fsjs-p2-v1-c1-server-revichrist\\routers\\historyRouter.js": {"path":"C:\\Users\\Victor\\Documents\\Phase 2\\Week 1\\Day 1\\fsjs-p2-v1-c1-server-revichrist\\routers\\historyRouter.js","statementMap":{"0":{"start":{"line":1,"column":15},"end":{"line":1,"column":42}},"1":{"start":{"line":2,"column":30},"end":{"line":2,"column":55}},"2":{"start":{"line":4,"column":0},"end":{"line":4,"column":47}},"3":{"start":{"line":6,"column":0},"end":{"line":6,"column":24}}},"fnMap":{},"branchMap":{},"s":{"0":4,"1":4,"2":4,"3":4},"f":{},"b":{},"_coverageSchema":"1a1c01bbd47fc00a2c39e90264f33305004495a9","hash":"d52c197fbd4d145362629090c951e3abe52be81f"}
,"C:\\Users\\Victor\\Documents\\Phase 2\\Week 1\\Day 1\\fsjs-p2-v1-c1-server-revichrist\\routers\\index.js": {"path":"C:\\Users\\Victor\\Documents\\Phase 2\\Week 1\\Day 1\\fsjs-p2-v1-c1-server-revichrist\\routers\\index.js","statementMap":{"0":{"start":{"line":1,"column":15},"end":{"line":1,"column":42}},"1":{"start":{"line":2,"column":19},"end":{"line":2,"column":42}},"2":{"start":{"line":3,"column":20},"end":{"line":3,"column":44}},"3":{"start":{"line":4,"column":20},"end":{"line":4,"column":44}},"4":{"start":{"line":5,"column":22},"end":{"line":5,"column":48}},"5":{"start":{"line":8,"column":22},"end":{"line":8,"column":49}},"6":{"start":{"line":9,"column":28},"end":{"line":9,"column":60}},"7":{"start":{"line":10,"column":31},"end":{"line":10,"column":66}},"8":{"start":{"line":11,"column":27},"end":{"line":11,"column":52}},"9":{"start":{"line":13,"column":0},"end":{"line":22,"column":3}},"10":{"start":{"line":14,"column":2},"end":{"line":21,"column":3}},"11":{"start":{"line":15,"column":4},"end":{"line":18,"column":7}},"12":{"start":{"line":20,"column":4},"end":{"line":20,"column":16}},"13":{"start":{"line":24,"column":0},"end":{"line":24,"column":28}},"14":{"start":{"line":25,"column":0},"end":{"line":25,"column":35}},"15":{"start":{"line":26,"column":0},"end":{"line":26,"column":48}},"16":{"start":{"line":28,"column":0},"end":{"line":28,"column":27}},"17":{"start":{"line":31,"column":0},"end":{"line":31,"column":35}},"18":{"start":{"line":32,"column":0},"end":{"line":32,"column":35}},"19":{"start":{"line":33,"column":0},"end":{"line":33,"column":40}},"20":{"start":{"line":36,"column":0},"end":{"line":36,"column":53}},"21":{"start":{"line":38,"column":0},"end":{"line":38,"column":24}}},"fnMap":{"0":{"name":"(anonymous_0)","decl":{"start":{"line":13,"column":16},"end":{"line":13,"column":17}},"loc":{"start":{"line":13,"column":51},"end":{"line":22,"column":1}},"line":13}},"branchMap":{},"s":{"0":4,"1":4,"2":4,"3":4,"4":4,"5":4,"6":4,"7":4,"8":4,"9":4,"10":0,"11":0,"12":0,"13":4,"14":4,"15":4,"16":4,"17":4,"18":4,"19":4,"20":4,"21":4},"f":{"0":0},"b":{},"_coverageSchema":"1a1c01bbd47fc00a2c39e90264f33305004495a9","hash":"93d1c268e98bb31ede03c4147ce8d05b05244833"}
,"C:\\Users\\Victor\\Documents\\Phase 2\\Week 1\\Day 1\\fsjs-p2-v1-c1-server-revichrist\\routers\\movieRouter.js": {"path":"C:\\Users\\Victor\\Documents\\Phase 2\\Week 1\\Day 1\\fsjs-p2-v1-c1-server-revichrist\\routers\\movieRouter.js","statementMap":{"0":{"start":{"line":1,"column":15},"end":{"line":1,"column":42}},"1":{"start":{"line":2,"column":28},"end":{"line":2,"column":53}},"2":{"start":{"line":3,"column":53},"end":{"line":3,"column":78}},"3":{"start":{"line":5,"column":0},"end":{"line":5,"column":44}},"4":{"start":{"line":6,"column":0},"end":{"line":6,"column":43}},"5":{"start":{"line":7,"column":0},"end":{"line":7,"column":48}},"6":{"start":{"line":8,"column":0},"end":{"line":8,"column":72}},"7":{"start":{"line":9,"column":0},"end":{"line":9,"column":50}},"8":{"start":{"line":10,"column":0},"end":{"line":10,"column":69}},"9":{"start":{"line":12,"column":0},"end":{"line":12,"column":24}}},"fnMap":{},"branchMap":{},"s":{"0":4,"1":4,"2":4,"3":4,"4":4,"5":4,"6":4,"7":4,"8":4,"9":4},"f":{},"b":{},"_coverageSchema":"1a1c01bbd47fc00a2c39e90264f33305004495a9","hash":"25e85c501742b4cb0024a9b9ff61480a4081ff98"}
,"C:\\Users\\Victor\\Documents\\Phase 2\\Week 1\\Day 1\\fsjs-p2-v1-c1-server-revichrist\\routers\\userRouter.js": {"path":"C:\\Users\\Victor\\Documents\\Phase 2\\Week 1\\Day 1\\fsjs-p2-v1-c1-server-revichrist\\routers\\userRouter.js","statementMap":{"0":{"start":{"line":1,"column":15},"end":{"line":1,"column":42}},"1":{"start":{"line":2,"column":27},"end":{"line":2,"column":52}},"2":{"start":{"line":4,"column":0},"end":{"line":4,"column":50}},"3":{"start":{"line":5,"column":0},"end":{"line":5,"column":44}},"4":{"start":{"line":6,"column":0},"end":{"line":6,"column":59}},"5":{"start":{"line":8,"column":0},"end":{"line":8,"column":24}}},"fnMap":{},"branchMap":{},"s":{"0":4,"1":4,"2":4,"3":4,"4":4,"5":4},"f":{},"b":{},"_coverageSchema":"1a1c01bbd47fc00a2c39e90264f33305004495a9","hash":"48a7f929fbb5ab7a3fcf8dfca5c58f87d12ea2e1"}
}
