TN:
SF:app.js
FNF:0
FNH:0
DA:1,4
DA:2,4
DA:3,4
DA:4,4
DA:6,4
DA:7,4
DA:8,4
DA:10,4
DA:11,4
DA:12,4
DA:14,4
DA:15,4
DA:21,4
LF:13
LH:13
BRDA:3,0,0,4
BRDA:3,0,1,0
BRF:2
BRH:1
end_of_record
TN:
SF:controllers\genreController.js
FN:4,(anonymous_0)
FNF:1
FNH:0
FNDA:0,(anonymous_0)
DA:1,4
DA:5,0
DA:6,0
DA:12,0
DA:17,0
DA:22,4
LF:6
LH:2
BRF:0
BRH:0
end_of_record
TN:
SF:controllers\historyController.js
FN:4,(anonymous_0)
FNF:1
FNH:0
FNDA:0,(anonymous_0)
DA:1,4
DA:5,0
DA:6,0
DA:12,0
DA:17,0
DA:22,4
LF:6
LH:2
BRF:0
BRH:0
end_of_record
TN:
SF:controllers\index.js
FNF:0
FNH:0
DA:1,4
DA:2,4
DA:3,4
DA:4,4
DA:6,4
LF:5
LH:5
BRF:0
BRH:0
end_of_record
TN:
SF:controllers\movieController.js
FN:4,(anonymous_0)
FN:35,(anonymous_1)
FN:60,(anonymous_2)
FN:82,(anonymous_3)
FN:118,(anonymous_4)
FN:167,(anonymous_5)
FNF:6
FNH:0
FNDA:0,(anonymous_0)
FNDA:0,(anonymous_1)
FNDA:0,(anonymous_2)
FNDA:0,(anonymous_3)
FNDA:0,(anonymous_4)
FNDA:0,(anonymous_5)
DA:1,4
DA:5,0
DA:7,0
DA:8,0
DA:10,0
DA:20,0
DA:26,0
DA:31,0
DA:36,0
DA:37,0
DA:51,0
DA:56,0
DA:61,0
DA:62,0
DA:63,0
DA:69,0
DA:70,0
DA:72,0
DA:78,0
DA:83,0
DA:84,0
DA:85,0
DA:87,0
DA:93,0
DA:94,0
DA:96,0
DA:102,0
DA:108,0
DA:114,0
DA:119,0
DA:120,0
DA:121,0
DA:124,0
DA:126,0
DA:132,0
DA:133,0
DA:135,0
DA:152,0
DA:158,0
DA:163,0
DA:168,0
DA:169,0
DA:170,0
DA:171,0
DA:173,0
DA:179,0
DA:180,0
DA:182,0
DA:194,0
DA:200,0
DA:205,0
DA:210,4
LF:52
LH:2
BRDA:23,0,0,0
BRDA:23,0,1,0
BRDA:69,1,0,0
BRDA:69,1,1,0
BRDA:93,2,0,0
BRDA:93,2,1,0
BRDA:105,3,0,0
BRDA:105,3,1,0
BRDA:132,4,0,0
BRDA:132,4,1,0
BRDA:155,5,0,0
BRDA:155,5,1,0
BRDA:179,6,0,0
BRDA:179,6,1,0
BRDA:197,7,0,0
BRDA:197,7,1,0
BRF:16
BRH:0
end_of_record
TN:
SF:controllers\userController.js
FN:6,(anonymous_0)
FN:32,(anonymous_1)
FN:70,(anonymous_2)
FNF:3
FNH:0
FNDA:0,(anonymous_0)
FNDA:0,(anonymous_1)
FNDA:0,(anonymous_2)
DA:1,4
DA:2,4
DA:3,4
DA:7,0
DA:8,0
DA:10,0
DA:11,0
DA:19,0
DA:28,0
DA:33,0
DA:34,0
DA:36,0
DA:37,0
DA:39,0
DA:45,0
DA:47,0
DA:49,0
DA:52,0
DA:58,0
DA:66,0
DA:71,0
DA:72,0
DA:73,0
DA:75,0
DA:76,0
DA:77,0
DA:81,0
DA:83,0
DA:84,0
DA:85,0
DA:87,0
DA:99,0
DA:105,0
DA:113,0
DA:118,4
LF:35
LH:4
BRDA:36,0,0,0
BRDA:36,0,1,0
BRDA:37,1,0,0
BRDA:37,1,1,0
BRDA:45,2,0,0
BRDA:45,2,1,0
BRDA:49,3,0,0
BRDA:49,3,1,0
BRDA:75,4,0,0
BRDA:75,4,1,0
BRF:10
BRH:0
end_of_record
TN:
SF:controllers\Customer\customerBookmarkController.js
FN:4,(anonymous_0)
FN:38,(anonymous_1)
FN:61,(anonymous_2)
FNF:3
FNH:0
FNDA:0,(anonymous_0)
FNDA:0,(anonymous_1)
FNDA:0,(anonymous_2)
DA:1,4
DA:5,0
DA:6,0
DA:8,0
DA:10,0
DA:12,0
DA:13,0
DA:15,0
DA:22,0
DA:24,0
DA:29,0
DA:34,0
DA:39,0
DA:40,0
DA:42,0
DA:52,0
DA:57,0
DA:62,0
DA:63,0
DA:65,0
DA:74,0
DA:75,0
DA:77,0
DA:83,0
DA:89,0
DA:94,4
LF:26
LH:2
BRDA:10,0,0,0
BRDA:10,0,1,0
BRDA:22,1,0,0
BRDA:22,1,1,0
BRDA:74,2,0,0
BRDA:74,2,1,0
BRF:6
BRH:0
end_of_record
TN:
SF:controllers\Customer\customerController.js
FN:6,(anonymous_0)
FN:42,(anonymous_1)
FN:87,(anonymous_2)
FNF:3
FNH:2
FNDA:3,(anonymous_0)
FNDA:0,(anonymous_1)
FNDA:7,(anonymous_2)
DA:1,4
DA:2,4
DA:3,4
DA:7,3
DA:8,3
DA:10,3
DA:11,3
DA:13,3
DA:19,3
DA:21,1
DA:23,1
DA:25,1
DA:31,1
DA:33,1
DA:38,2
DA:43,0
DA:44,0
DA:45,0
DA:46,0
DA:47,0
DA:49,0
DA:53,0
DA:55,0
DA:56,0
DA:57,0
DA:59,0
DA:70,0
DA:76,0
DA:83,0
DA:88,7
DA:89,7
DA:90,7
DA:92,7
DA:98,2
DA:108,5
DA:113,4
LF:36
LH:22
BRDA:10,0,0,0
BRDA:10,0,1,3
BRDA:11,1,0,0
BRDA:11,1,1,3
BRDA:19,2,0,2
BRDA:19,2,1,1
BRDA:23,3,0,0
BRDA:23,3,1,1
BRDA:47,4,0,0
BRDA:47,4,1,0
BRF:10
BRH:5
end_of_record
TN:
SF:controllers\Customer\customerMovieController.js
FN:5,(anonymous_0)
FN:38,(anonymous_1)
FN:62,(anonymous_2)
FNF:3
FNH:2
FNDA:3,(anonymous_0)
FNDA:2,(anonymous_1)
FNDA:0,(anonymous_2)
DA:1,4
DA:2,4
DA:6,3
DA:7,3
DA:11,3
DA:13,3
DA:14,1
DA:17,3
DA:27,0
DA:34,3
DA:39,2
DA:40,2
DA:42,2
DA:51,2
DA:53,0
DA:58,2
DA:63,0
DA:64,0
DA:66,0
DA:77,0
DA:80,0
DA:85,4
LF:22
LH:15
BRDA:7,0,0,3
BRDA:7,1,0,2
BRDA:13,2,0,1
BRDA:13,2,1,2
BRDA:51,3,0,2
BRDA:51,3,1,0
BRF:6
BRH:5
end_of_record
TN:
SF:controllers\Customer\index.js
FNF:0
FNH:0
DA:1,4
DA:2,4
DA:3,4
DA:5,4
LF:4
LH:4
BRF:0
BRH:0
end_of_record
TN:
SF:helpers\index.js
FNF:0
FNH:0
DA:1,4
DA:2,4
DA:4,4
LF:3
LH:3
BRF:0
BRH:0
end_of_record
TN:
SF:helpers\jwt.js
FN:5,generateToken
FN:10,verifyToken
FNF:2
FNH:1
FNDA:2,generateToken
FNDA:0,verifyToken
DA:1,4
DA:2,4
DA:6,2
DA:11,0
DA:14,4
LF:5
LH:4
BRF:0
BRH:0
end_of_record
TN:
SF:helpers\validatePassword.js
FN:3,hashPassword
FN:10,loginValidation
FNF:2
FNH:2
FNDA:4,hashPassword
FNDA:1,loginValidation
DA:1,4
DA:4,4
DA:5,4
DA:7,4
DA:11,1
DA:13,1
DA:16,4
LF:7
LH:7
BRDA:3,0,0,0
BRDA:10,1,0,0
BRDA:10,2,0,0
BRF:3
BRH:0
end_of_record
TN:
SF:middlewares\authentication.js
FN:4,authentication
FNF:1
FNH:0
FNDA:0,authentication
DA:1,4
DA:2,4
DA:5,0
DA:8,0
DA:10,0
DA:11,0
DA:14,0
DA:16,0
DA:17,0
DA:21,0
DA:22,0
DA:28,0
DA:35,0
DA:36,0
DA:39,0
DA:46,0
DA:48,0
DA:52,4
LF:18
LH:3
BRDA:10,0,0,0
BRDA:10,0,1,0
BRDA:16,1,0,0
BRDA:16,1,1,0
BRDA:21,2,0,0
BRDA:21,2,1,0
BRDA:35,3,0,0
BRDA:35,3,1,0
BRDA:41,4,0,0
BRDA:41,4,1,0
BRF:10
BRH:0
end_of_record
TN:
SF:middlewares\authorization.js
FN:3,deleteAuthorization
FN:23,statusAuthorization
FNF:2
FNH:0
FNDA:0,deleteAuthorization
FNDA:0,statusAuthorization
DA:1,4
DA:4,0
DA:5,0
DA:6,0
DA:8,0
DA:10,0
DA:11,0
DA:12,0
DA:14,0
DA:16,0
DA:19,0
DA:24,0
DA:25,0
DA:26,0
DA:28,0
DA:34,0
DA:35,0
DA:37,0
DA:38,0
DA:40,0
DA:45,0
DA:49,4
LF:22
LH:2
BRDA:10,0,0,0
BRDA:10,0,1,0
BRDA:11,1,0,0
BRDA:11,1,1,0
BRDA:11,2,0,0
BRDA:11,2,1,0
BRDA:34,3,0,0
BRDA:34,3,1,0
BRDA:37,4,0,0
BRDA:37,4,1,0
BRF:10
BRH:0
end_of_record
TN:
SF:middlewares\errorHandler.js
FN:1,errorHandler
FN:26,(anonymous_1)
FNF:2
FNH:2
FNDA:12,errorHandler
FNDA:7,(anonymous_1)
DA:2,12
DA:7,12
DA:11,0
DA:12,0
DA:13,0
DA:16,0
DA:17,0
DA:18,0
DA:21,0
DA:22,0
DA:23,0
DA:26,5
DA:27,7
DA:30,5
DA:31,5
DA:32,5
DA:36,0
DA:37,0
DA:38,0
DA:43,2
DA:44,2
DA:45,2
DA:49,0
DA:50,0
DA:51,0
DA:55,0
DA:56,0
DA:57,0
DA:62,0
DA:63,0
DA:64,0
DA:68,2
DA:69,2
DA:70,2
DA:74,3
DA:75,3
DA:78,12
DA:84,4
LF:38
LH:17
BRDA:7,0,0,0
BRDA:7,0,1,0
BRDA:7,0,2,0
BRDA:7,0,3,5
BRDA:7,0,4,0
BRDA:7,0,5,2
BRDA:7,0,6,0
BRDA:7,0,7,0
BRDA:7,0,8,0
BRDA:7,0,9,2
BRDA:7,0,10,3
BRDA:74,1,0,3
BRDA:74,1,1,0
BRF:13
BRH:5
end_of_record
TN:
SF:middlewares\index.js
FNF:0
FNH:0
DA:1,4
DA:2,4
DA:3,4
DA:5,4
LF:4
LH:4
BRF:0
BRH:0
end_of_record
TN:
SF:models\bookmark.js
FN:3,(anonymous_0)
FN:10,(anonymous_1)
FNF:2
FNH:2
FNDA:4,(anonymous_0)
FNDA:4,(anonymous_1)
DA:2,4
DA:3,4
DA:12,4
DA:13,4
DA:18,4
DA:28,4
LF:6
LH:6
BRF:0
BRH:0
end_of_record
TN:
SF:models\customer.js
FN:4,(anonymous_0)
FN:11,(anonymous_1)
FN:52,(anonymous_2)
FN:67,(anonymous_3)
FNF:4
FNH:4
FNDA:4,(anonymous_0)
FNDA:4,(anonymous_1)
FNDA:8,(anonymous_2)
FNDA:4,(anonymous_3)
DA:2,4
DA:3,4
DA:4,4
DA:13,4
DA:16,4
DA:53,8
DA:54,1
DA:67,4
DA:68,4
DA:70,4
LF:10
LH:10
BRDA:53,0,0,1
BRDA:53,0,1,7
BRF:2
BRH:2
end_of_record
TN:
SF:models\genre.js
FN:3,(anonymous_0)
FN:10,(anonymous_1)
FNF:2
FNH:2
FNDA:4,(anonymous_0)
FNDA:4,(anonymous_1)
DA:2,4
DA:3,4
DA:12,4
DA:17,4
DA:39,4
LF:5
LH:5
BRF:0
BRH:0
end_of_record
TN:
SF:models\history.js
FN:5,(anonymous_0)
FN:12,(anonymous_1)
FNF:2
FNH:2
FNDA:4,(anonymous_0)
FNDA:4,(anonymous_1)
DA:4,4
DA:5,4
DA:16,4
DA:24,4
LF:4
LH:4
BRF:0
BRH:0
end_of_record
TN:
SF:models\index.js
FN:25,(anonymous_0)
FN:33,(anonymous_1)
FN:41,(anonymous_2)
FNF:3
FNH:3
FNDA:28,(anonymous_0)
FNDA:24,(anonymous_1)
FNDA:24,(anonymous_2)
DA:3,4
DA:4,4
DA:5,4
DA:6,4
DA:7,4
DA:8,4
DA:9,4
DA:10,4
DA:13,4
DA:14,0
DA:16,4
DA:24,4
DA:26,28
DA:34,24
DA:38,24
DA:41,4
DA:42,24
DA:43,24
DA:47,4
DA:48,4
DA:50,4
LF:21
LH:20
BRDA:8,0,0,4
BRDA:8,0,1,0
BRDA:13,1,0,0
BRDA:13,1,1,4
BRDA:27,2,0,28
BRDA:27,2,1,28
BRDA:27,2,2,24
BRDA:27,2,3,24
BRDA:42,3,0,24
BRDA:42,3,1,0
BRF:10
BRH:7
end_of_record
TN:
SF:models\movie.js
FN:3,(anonymous_0)
FN:10,(anonymous_1)
FN:96,(anonymous_2)
FNF:3
FNH:2
FNDA:4,(anonymous_0)
FNDA:4,(anonymous_1)
FNDA:0,(anonymous_2)
DA:2,4
DA:3,4
DA:12,4
DA:16,4
DA:20,4
DA:23,4
DA:96,4
DA:97,0
DA:100,4
LF:9
LH:8
BRF:0
BRH:0
end_of_record
TN:
SF:models\user.js
FN:5,(anonymous_0)
FN:12,(anonymous_1)
FN:58,(anonymous_2)
FN:76,(anonymous_3)
FNF:4
FNH:2
FNDA:4,(anonymous_0)
FNDA:4,(anonymous_1)
FNDA:0,(anonymous_2)
FNDA:0,(anonymous_3)
DA:2,4
DA:4,4
DA:5,4
DA:14,4
DA:19,4
DA:59,0
DA:60,0
DA:76,4
DA:77,0
DA:78,0
DA:81,4
LF:11
LH:7
BRDA:59,0,0,0
BRDA:59,0,1,0
BRF:2
BRH:0
end_of_record
TN:
SF:routers\customerBookmarkRouter.js
FNF:0
FNH:0
DA:1,4
DA:2,4
DA:5,4
DA:8,4
DA:11,4
DA:13,4
LF:6
LH:6
BRF:0
BRH:0
end_of_record
TN:
SF:routers\customerMovieRouter.js
FNF:0
FNH:0
DA:1,4
DA:2,4
DA:4,4
DA:5,4
DA:6,4
DA:8,4
LF:6
LH:6
BRF:0
BRH:0
end_of_record
TN:
SF:routers\customerRouter.js
FNF:0
FNH:0
DA:1,4
DA:2,4
DA:4,4
DA:5,4
DA:6,4
DA:8,4
LF:6
LH:6
BRF:0
BRH:0
end_of_record
TN:
SF:routers\genreRouter.js
FNF:0
FNH:0
DA:1,4
DA:2,4
DA:4,4
DA:6,4
LF:4
LH:4
BRF:0
BRH:0
end_of_record
TN:
SF:routers\historyRouter.js
FNF:0
FNH:0
DA:1,4
DA:2,4
DA:4,4
DA:6,4
LF:4
LH:4
BRF:0
BRH:0
end_of_record
TN:
SF:routers\index.js
FN:13,(anonymous_0)
FNF:1
FNH:0
FNDA:0,(anonymous_0)
DA:1,4
DA:2,4
DA:3,4
DA:4,4
DA:5,4
DA:8,4
DA:9,4
DA:10,4
DA:11,4
DA:13,4
DA:14,0
DA:15,0
DA:20,0
DA:24,4
DA:25,4
DA:26,4
DA:28,4
DA:31,4
DA:32,4
DA:33,4
DA:36,4
DA:38,4
LF:22
LH:19
BRF:0
BRH:0
end_of_record
TN:
SF:routers\movieRouter.js
FNF:0
FNH:0
DA:1,4
DA:2,4
DA:3,4
DA:5,4
DA:6,4
DA:7,4
DA:8,4
DA:9,4
DA:10,4
DA:12,4
LF:10
LH:10
BRF:0
BRH:0
end_of_record
TN:
SF:routers\userRouter.js
FNF:0
FNH:0
DA:1,4
DA:2,4
DA:4,4
DA:5,4
DA:6,4
DA:8,4
LF:6
LH:6
BRF:0
BRH:0
end_of_record
